[32mINFO    [0m integration.ha_tests.test_self_healing:test_self_healing.py:486 checking whether the connectivity to the database is working
[32mINFO    [0m integration.ha_tests.test_self_healing:test_self_healing.py:491 Cutting network for postgresql/3
[32mINFO    [0m integration.ha_tests.test_self_healing:test_self_healing.py:497 checking for no connectivity between postgresql/3 and postgresql/2
[32mINFO    [0m integration.ha_tests.test_self_healing:test_self_healing.py:497 checking for no connectivity between postgresql/3 and postgresql/0
[32mINFO    [0m integration.ha_tests.test_self_healing:test_self_healing.py:504 checking for no connectivity between postgresql/3 and the controller
[32mINFO    [0m integration.ha_tests.test_self_healing:test_self_healing.py:511 checking whether the connectivity to the database is not working
[32mINFO    [0m integration.ha_tests.test_self_healing:test_self_healing.py:517 checking whether writes are increasing
[32mINFO    [0m integration.ha_tests.test_self_healing:test_self_healing.py:520 checking whether a new primary was elected
[32mINFO    [0m integration.ha_tests.test_self_healing:test_self_healing.py:527 Restoring network for postgresql/3
[32mINFO    [0m integration.ha_tests.test_self_healing:test_self_healing.py:531 waiting for cluster to become idle
[32mINFO    [0m juju.model:model.py:2958 Waiting for model:
  postgresql/0 [idle] active: Primary
  postgresql/2 [idle] active: 
  postgresql/3 [idle] active: 
[32mINFO    [0m juju.model:model.py:2958 Waiting for model:
  postgresql/2 [idle] active: 
  postgresql/3 [idle] active: 
[32mINFO    [0m integration.ha_tests.test_self_healing:test_self_healing.py:536 waiting for the database service to be ready on postgresql/3
[32mINFO    [0m integration.ha_tests.test_self_healing:test_self_healing.py:540 checking whether the connectivity to the database is working
[32mINFO    [0m integration.ha_tests.helpers:helpers.py:196 checking that the former primary is now a replica
[32mINFO    [0m integration.ha_tests.helpers:helpers.py:202 checking that all units are part of the same cluster
[32mINFO    [0m integration.ha_tests.helpers:helpers.py:216 checking that no writes to the database were missed after stopping the writes
[32mINFO    [0m integration.ha_tests.helpers:helpers.py:220 checking that the former primary is up to date with the cluster after restarting
[32mINFO    [0m pytest_operator.plugin:plugin.py:862 Model status:

Model  Controller           Cloud/Region         Version  SLA          Timestamp
test   localhost-localhost  localhost/localhost  3.1.8    unsupported  02:23:15Z

App                  Version  Status  Scale  Charm                Channel  Rev  Exposed  Message
postgresql           14.11    active      3  postgresql                      0  no       Primary
postgresql-test-app           active      1  postgresql-test-app  edge     150  no       received database credentials of the first database

Unit                    Workload  Agent  Machine  Public address  Ports     Message
postgresql-test-app/0*  active    idle   3        10.167.117.204            received database credentials of the first database
postgresql/0*           active    idle   0        10.167.117.81   5432/tcp  Primary
postgresql/2            active    idle   2        10.167.117.59   5432/tcp  
postgresql/3            active    idle   4        10.167.117.166  5432/tcp  

Machine  State    Address         Inst id        Base          AZ  Message
0        started  10.167.117.81   juju-1558ce-0  ubuntu@22.04      Running
2        started  10.167.117.59   juju-1558ce-2  ubuntu@22.04      Running
3        started  10.167.117.204  juju-1558ce-3  ubuntu@22.04      Running
4        started  10.167.117.166  juju-1558ce-4  ubuntu@22.04      Running

[32mINFO    [0m pytest_operator.plugin:plugin.py:868 Juju error logs:

machine-3: 01:31:45 ERROR juju.worker.dependency "kvm-container-provisioner" manifold worker returned unexpected error: container types not yet available
machine-3: 01:31:45 ERROR juju.worker.dependency "lxd-container-provisioner" manifold worker returned unexpected error: container types not yet available
machine-3: 01:31:45 ERROR juju.worker.dependency "broker-tracker" manifold worker returned unexpected error: no container types determined
unit-postgresql-test-app-0: 01:31:45 ERROR juju.worker.meterstatus error running "meter-status-changed": charm missing from disk
machine-0: 01:31:59 ERROR juju.worker.dependency "lxd-container-provisioner" manifold worker returned unexpected error: container types not yet available
machine-0: 01:31:59 ERROR juju.worker.dependency "broker-tracker" manifold worker returned unexpected error: no container types determined
machine-0: 01:31:59 ERROR juju.worker.dependency "kvm-container-provisioner" manifold worker returned unexpected error: container types not yet available
unit-postgresql-0: 01:31:59 ERROR juju.worker.meterstatus error running "meter-status-changed": charm missing from disk
machine-2: 01:32:02 ERROR juju.worker.dependency "kvm-container-provisioner" manifold worker returned unexpected error: container types not yet available
machine-2: 01:32:02 ERROR juju.worker.dependency "lxd-container-provisioner" manifold worker returned unexpected error: container types not yet available
machine-2: 01:32:02 ERROR juju.worker.dependency "broker-tracker" manifold worker returned unexpected error: no container types determined
unit-postgresql-2: 01:32:02 ERROR juju.worker.meterstatus error running "meter-status-changed": charm missing from disk
machine-1: 01:32:03 ERROR juju.worker.dependency "broker-tracker" manifold worker returned unexpected error: no container types determined
machine-1: 01:32:03 ERROR juju.worker.dependency "lxd-container-provisioner" manifold worker returned unexpected error: container types not yet available
machine-1: 01:32:03 ERROR juju.worker.dependency "kvm-container-provisioner" manifold worker returned unexpected error: container types not yet available
unit-postgresql-1: 01:32:03 ERROR juju.worker.meterstatus error running "meter-status-changed": charm missing from disk
unit-postgresql-0: 01:38:42 ERROR unit.postgresql/0.juju-log database-peers:0: Failed to list PostgreSQL database users: could not translate host name "None" to address: Temporary failure in name resolution

machine-4: 01:49:26 ERROR juju.worker.dependency "lxd-container-provisioner" manifold worker returned unexpected error: container types not yet available
machine-4: 01:49:26 ERROR juju.worker.dependency "broker-tracker" manifold worker returned unexpected error: no container types determined
machine-4: 01:49:26 ERROR juju.worker.dependency "kvm-container-provisioner" manifold worker returned unexpected error: container types not yet available
unit-postgresql-3: 01:49:26 ERROR juju.worker.meterstatus error running "meter-status-changed": charm missing from disk
unit-postgresql-0: 01:55:05 ERROR unit.postgresql/0.juju-log Failed to list PostgreSQL database users: connection to server at "10.167.117.166", port 5432 failed: timeout expired

unit-postgresql-test-app-0: 02:00:01 ERROR unit.postgresql-test-app/0.juju-log first-database:4: Unable to read result
Traceback (most recent call last):
  File "/var/lib/juju/agents/unit-postgresql-test-app-0/charm/./src/charm.py", line 371, in _stop_continuous_writes
    with open(LAST_WRITTEN_FILE, "r") as fd:
FileNotFoundError: [Errno 2] No such file or directory: '/tmp/last_written_value'

The above exception was the direct cause of the following exception:

Traceback (most recent call last):
  File "/var/lib/juju/agents/unit-postgresql-test-app-0/charm/./src/charm.py", line 369, in _stop_continuous_writes
    for attempt in Retrying(stop=stop_after_delay(60), wait=wait_fixed(5)):
  File "/var/lib/juju/agents/unit-postgresql-test-app-0/charm/venv/tenacity/__init__.py", line 435, in __iter__
    do = self.iter(retry_state=retry_state)
  File "/var/lib/juju/agents/unit-postgresql-test-app-0/charm/venv/tenacity/__init__.py", line 368, in iter
    result = action(retry_state)
  File "/var/lib/juju/agents/unit-postgresql-test-app-0/charm/venv/tenacity/__init__.py", line 411, in exc_check
    raise retry_exc from fut.exception()
tenacity.RetryError: RetryError[<Future at 0x7f00ef032470 state=finished raised FileNotFoundError>]
machine-2: 02:09:32 ERROR juju.worker.dependency "api-caller" manifold worker returned unexpected error: api connection broken unexpectedly
machine-2: 02:09:32 ERROR juju.api.watcher error trying to stop watcher: websocket: close sent
machine-2: 02:09:35 ERROR juju.worker.dependency "api-caller" manifold worker returned unexpected error: [7c747e] "machine-2" cannot open api: unable to connect to API: dial tcp 10.167.117.186:17070: connect: network is unreachable
machine-2: 02:09:38 ERROR juju.worker.dependency "api-caller" manifold worker returned unexpected error: [7c747e] "machine-2" cannot open api: unable to connect to API: dial tcp 10.167.117.186:17070: connect: network is unreachable
machine-2: 02:09:43 ERROR juju.worker.dependency "api-caller" manifold worker returned unexpected error: [7c747e] "machine-2" cannot open api: unable to connect to API: dial tcp 10.167.117.186:17070: connect: network is unreachable
machine-2: 02:09:49 ERROR juju.worker.dependency "api-caller" manifold worker returned unexpected error: [7c747e] "machine-2" cannot open api: unable to connect to API: dial tcp 10.167.117.186:17070: connect: network is unreachable
machine-2: 02:09:55 ERROR juju.worker.dependency "api-caller" manifold worker returned unexpected error: [7c747e] "machine-2" cannot open api: unable to connect to API: dial tcp 10.167.117.186:17070: connect: network is unreachable
machine-2: 02:10:02 ERROR juju.worker.dependency "api-caller" manifold worker returned unexpected error: [7c747e] "machine-2" cannot open api: unable to connect to API: dial tcp 10.167.117.186:17070: connect: network is unreachable
machine-2: 02:10:11 ERROR juju.worker.dependency "api-caller" manifold worker returned unexpected error: [7c747e] "machine-2" cannot open api: unable to connect to API: dial tcp 10.167.117.186:17070: connect: network is unreachable
machine-4: 02:20:56 ERROR juju.worker.dependency "api-caller" manifold worker returned unexpected error: api connection broken unexpectedly
machine-4: 02:21:01 ERROR juju.worker.dependency "api-caller" manifold worker returned unexpected error: [7c747e] "machine-4" cannot open api: unable to connect to API: dial tcp 10.167.117.186:17070: connect: no route to host
machine-4: 02:21:07 ERROR juju.worker.dependency "api-caller" manifold worker returned unexpected error: [7c747e] "machine-4" cannot open api: unable to connect to API: dial tcp 10.167.117.186:17070: connect: no route to host
machine-4: 02:21:14 ERROR juju.worker.dependency "api-caller" manifold worker returned unexpected error: [7c747e] "machine-4" cannot open api: unable to connect to API: dial tcp 10.167.117.186:17070: connect: no route to host
machine-4: 02:21:20 ERROR juju.worker.dependency "api-caller" manifold worker returned unexpected error: [7c747e] "machine-4" cannot open api: unable to connect to API: dial tcp 10.167.117.186:17070: connect: no route to host
machine-4: 02:21:29 ERROR juju.worker.dependency "api-caller" manifold worker returned unexpected error: [7c747e] "machine-4" cannot open api: unable to connect to API: dial tcp 10.167.117.186:17070: connect: no route to host
machine-4: 02:21:38 ERROR juju.worker.dependency "api-caller" manifold worker returned unexpected error: [7c747e] "machine-4" cannot open api: unable to connect to API: dial tcp 10.167.117.186:17070: connect: no route to host
machine-4: 02:21:47 ERROR juju.worker.dependency "api-caller" manifold worker returned unexpected error: [7c747e] "machine-4" cannot open api: unable to connect to API: dial tcp 10.167.117.186:17070: connect: no route to host
machine-4: 02:22:00 ERROR juju.worker.dependency "api-caller" manifold worker returned unexpected error: [7c747e] "machine-4" cannot open api: unable to connect to API: dial tcp 10.167.117.186:17070: connect: no route to host

[32mINFO    [0m pytest_operator.plugin:plugin.py:947 Forgetting model main...