{"uid":"fa7579991d84fe45","name":"test_scale_down_and_up","fullName":"tests.integration.test_charm#test_scale_down_and_up","historyId":"929fcb6a586b41892b25b75060c2abaa","time":{"start":1727228613315,"stop":1727230134346,"duration":1521031},"description":"Test data is replicated to new units after a scale up.","descriptionHtml":"<p>Test data is replicated to new units after a scale up.</p>\n","status":"broken","statusMessage":"tenacity.RetryError: RetryError[<Future at 0x7fac9f9008e0 state=finished raised AttributeError>]","statusTrace":"Traceback (most recent call last):\n  File \"/home/runner/work/test-runners-2-github-x64-postgresql-operator/test-runners-2-github-x64-postgresql-operator/tests/integration/helpers.py\", line 228, in check_cluster_members\n    address = get_unit_address(ops_test, primary)\n  File \"/home/runner/work/test-runners-2-github-x64-postgresql-operator/test-runners-2-github-x64-postgresql-operator/tests/integration/helpers.py\", line 688, in get_unit_address\n    return model.units.get(unit_name).public_address\nAttributeError: 'NoneType' object has no attribute 'public_address'\n\nThe above exception was the direct cause of the following exception:\n\nTraceback (most recent call last):\n  File \"/home/runner/work/test-runners-2-github-x64-postgresql-operator/test-runners-2-github-x64-postgresql-operator/.tox/integration/lib/python3.10/site-packages/_pytest/runner.py\", line 341, in from_call\n    result: Optional[TResult] = func()\n  File \"/home/runner/work/test-runners-2-github-x64-postgresql-operator/test-runners-2-github-x64-postgresql-operator/.tox/integration/lib/python3.10/site-packages/_pytest/runner.py\", line 241, in <lambda>\n    lambda: runtest_hook(item=item, **kwds), when=when, reraise=reraise\n  File \"/home/runner/work/test-runners-2-github-x64-postgresql-operator/test-runners-2-github-x64-postgresql-operator/.tox/integration/lib/python3.10/site-packages/pluggy/_hooks.py\", line 513, in __call__\n    return self._hookexec(self.name, self._hookimpls.copy(), kwargs, firstresult)\n  File \"/home/runner/work/test-runners-2-github-x64-postgresql-operator/test-runners-2-github-x64-postgresql-operator/.tox/integration/lib/python3.10/site-packages/pluggy/_manager.py\", line 120, in _hookexec\n    return self._inner_hookexec(hook_name, methods, kwargs, firstresult)\n  File \"/home/runner/work/test-runners-2-github-x64-postgresql-operator/test-runners-2-github-x64-postgresql-operator/.tox/integration/lib/python3.10/site-packages/pluggy/_callers.py\", line 182, in _multicall\n    return outcome.get_result()\n  File \"/home/runner/work/test-runners-2-github-x64-postgresql-operator/test-runners-2-github-x64-postgresql-operator/.tox/integration/lib/python3.10/site-packages/pluggy/_result.py\", line 100, in get_result\n    raise exc.with_traceback(exc.__traceback__)\n  File \"/home/runner/work/test-runners-2-github-x64-postgresql-operator/test-runners-2-github-x64-postgresql-operator/.tox/integration/lib/python3.10/site-packages/pluggy/_callers.py\", line 167, in _multicall\n    teardown.throw(outcome._exception)\n  File \"/home/runner/work/test-runners-2-github-x64-postgresql-operator/test-runners-2-github-x64-postgresql-operator/.tox/integration/lib/python3.10/site-packages/_pytest/threadexception.py\", line 87, in pytest_runtest_call\n    yield from thread_exception_runtest_hook()\n  File \"/home/runner/work/test-runners-2-github-x64-postgresql-operator/test-runners-2-github-x64-postgresql-operator/.tox/integration/lib/python3.10/site-packages/_pytest/threadexception.py\", line 63, in thread_exception_runtest_hook\n    yield\n  File \"/home/runner/work/test-runners-2-github-x64-postgresql-operator/test-runners-2-github-x64-postgresql-operator/.tox/integration/lib/python3.10/site-packages/pluggy/_callers.py\", line 167, in _multicall\n    teardown.throw(outcome._exception)\n  File \"/home/runner/work/test-runners-2-github-x64-postgresql-operator/test-runners-2-github-x64-postgresql-operator/.tox/integration/lib/python3.10/site-packages/_pytest/unraisableexception.py\", line 90, in pytest_runtest_call\n    yield from unraisable_exception_runtest_hook()\n  File \"/home/runner/work/test-runners-2-github-x64-postgresql-operator/test-runners-2-github-x64-postgresql-operator/.tox/integration/lib/python3.10/site-packages/_pytest/unraisableexception.py\", line 65, in unraisable_exception_runtest_hook\n    yield\n  File \"/home/runner/work/test-runners-2-github-x64-postgresql-operator/test-runners-2-github-x64-postgresql-operator/.tox/integration/lib/python3.10/site-packages/pluggy/_callers.py\", line 167, in _multicall\n    teardown.throw(outcome._exception)\n  File \"/home/runner/work/test-runners-2-github-x64-postgresql-operator/test-runners-2-github-x64-postgresql-operator/.tox/integration/lib/python3.10/site-packages/_pytest/logging.py\", line 850, in pytest_runtest_call\n    yield from self._runtest_for(item, \"call\")\n  File \"/home/runner/work/test-runners-2-github-x64-postgresql-operator/test-runners-2-github-x64-postgresql-operator/.tox/integration/lib/python3.10/site-packages/_pytest/logging.py\", line 833, in _runtest_for\n    yield\n  File \"/home/runner/work/test-runners-2-github-x64-postgresql-operator/test-runners-2-github-x64-postgresql-operator/.tox/integration/lib/python3.10/site-packages/pluggy/_callers.py\", line 167, in _multicall\n    teardown.throw(outcome._exception)\n  File \"/home/runner/work/test-runners-2-github-x64-postgresql-operator/test-runners-2-github-x64-postgresql-operator/.tox/integration/lib/python3.10/site-packages/_pytest/capture.py\", line 878, in pytest_runtest_call\n    return (yield)\n  File \"/home/runner/work/test-runners-2-github-x64-postgresql-operator/test-runners-2-github-x64-postgresql-operator/.tox/integration/lib/python3.10/site-packages/pluggy/_callers.py\", line 167, in _multicall\n    teardown.throw(outcome._exception)\n  File \"/home/runner/work/test-runners-2-github-x64-postgresql-operator/test-runners-2-github-x64-postgresql-operator/.tox/integration/lib/python3.10/site-packages/_pytest/skipping.py\", line 257, in pytest_runtest_call\n    return (yield)\n  File \"/home/runner/work/test-runners-2-github-x64-postgresql-operator/test-runners-2-github-x64-postgresql-operator/.tox/integration/lib/python3.10/site-packages/pluggy/_callers.py\", line 103, in _multicall\n    res = hook_impl.function(*args)\n  File \"/home/runner/work/test-runners-2-github-x64-postgresql-operator/test-runners-2-github-x64-postgresql-operator/.tox/integration/lib/python3.10/site-packages/_pytest/runner.py\", line 183, in pytest_runtest_call\n    raise e\n  File \"/home/runner/work/test-runners-2-github-x64-postgresql-operator/test-runners-2-github-x64-postgresql-operator/.tox/integration/lib/python3.10/site-packages/_pytest/runner.py\", line 173, in pytest_runtest_call\n    item.runtest()\n  File \"/home/runner/work/test-runners-2-github-x64-postgresql-operator/test-runners-2-github-x64-postgresql-operator/.tox/integration/lib/python3.10/site-packages/_pytest/python.py\", line 1632, in runtest\n    self.ihook.pytest_pyfunc_call(pyfuncitem=self)\n  File \"/home/runner/work/test-runners-2-github-x64-postgresql-operator/test-runners-2-github-x64-postgresql-operator/.tox/integration/lib/python3.10/site-packages/pluggy/_hooks.py\", line 513, in __call__\n    return self._hookexec(self.name, self._hookimpls.copy(), kwargs, firstresult)\n  File \"/home/runner/work/test-runners-2-github-x64-postgresql-operator/test-runners-2-github-x64-postgresql-operator/.tox/integration/lib/python3.10/site-packages/pluggy/_manager.py\", line 120, in _hookexec\n    return self._inner_hookexec(hook_name, methods, kwargs, firstresult)\n  File \"/home/runner/work/test-runners-2-github-x64-postgresql-operator/test-runners-2-github-x64-postgresql-operator/.tox/integration/lib/python3.10/site-packages/pluggy/_callers.py\", line 182, in _multicall\n    return outcome.get_result()\n  File \"/home/runner/work/test-runners-2-github-x64-postgresql-operator/test-runners-2-github-x64-postgresql-operator/.tox/integration/lib/python3.10/site-packages/pluggy/_result.py\", line 100, in get_result\n    raise exc.with_traceback(exc.__traceback__)\n  File \"/home/runner/work/test-runners-2-github-x64-postgresql-operator/test-runners-2-github-x64-postgresql-operator/.tox/integration/lib/python3.10/site-packages/pluggy/_callers.py\", line 103, in _multicall\n    res = hook_impl.function(*args)\n  File \"/home/runner/work/test-runners-2-github-x64-postgresql-operator/test-runners-2-github-x64-postgresql-operator/.tox/integration/lib/python3.10/site-packages/_pytest/python.py\", line 162, in pytest_pyfunc_call\n    result = testfunction(**testargs)\n  File \"/home/runner/work/test-runners-2-github-x64-postgresql-operator/test-runners-2-github-x64-postgresql-operator/.tox/integration/lib/python3.10/site-packages/pytest_asyncio/plugin.py\", line 529, in inner\n    _loop.run_until_complete(task)\n  File \"/usr/lib/python3.10/asyncio/base_events.py\", line 649, in run_until_complete\n    return future.result()\n  File \"/home/runner/work/test-runners-2-github-x64-postgresql-operator/test-runners-2-github-x64-postgresql-operator/tests/integration/test_charm.py\", line 290, in test_scale_down_and_up\n    await check_cluster_members(ops_test, DATABASE_APP_NAME)\n  File \"/home/runner/work/test-runners-2-github-x64-postgresql-operator/test-runners-2-github-x64-postgresql-operator/tests/integration/helpers.py\", line 222, in check_cluster_members\n    for attempt in Retrying(\n  File \"/home/runner/work/test-runners-2-github-x64-postgresql-operator/test-runners-2-github-x64-postgresql-operator/.tox/integration/lib/python3.10/site-packages/tenacity/__init__.py\", line 443, in __iter__\n    do = self.iter(retry_state=retry_state)\n  File \"/home/runner/work/test-runners-2-github-x64-postgresql-operator/test-runners-2-github-x64-postgresql-operator/.tox/integration/lib/python3.10/site-packages/tenacity/__init__.py\", line 376, in iter\n    result = action(retry_state)\n  File \"/home/runner/work/test-runners-2-github-x64-postgresql-operator/test-runners-2-github-x64-postgresql-operator/.tox/integration/lib/python3.10/site-packages/tenacity/__init__.py\", line 419, in exc_check\n    raise retry_exc from fut.exception()\ntenacity.RetryError: RetryError[<Future at 0x7fac9f9008e0 state=finished raised AttributeError>]","flaky":false,"newFailed":false,"newBroken":true,"newPassed":false,"retriesCount":1,"retriesStatusChange":true,"beforeStages":[{"name":"ops_test","time":{"start":1727227902911,"stop":1727227903067,"duration":156},"status":"passed","steps":[],"attachments":[],"parameters":[],"stepsCount":0,"shouldDisplayMessage":false,"attachmentsCount":0,"hasContent":false,"attachmentStep":false},{"name":"event_loop","time":{"start":1727227902911,"stop":1727227902911,"duration":0},"status":"passed","steps":[],"attachments":[],"parameters":[],"stepsCount":0,"shouldDisplayMessage":false,"attachmentsCount":0,"hasContent":false,"attachmentStep":false},{"name":"tmp_path_factory","time":{"start":1727227902911,"stop":1727227902911,"duration":0},"status":"passed","steps":[],"attachments":[],"parameters":[],"stepsCount":0,"shouldDisplayMessage":false,"attachmentsCount":0,"hasContent":false,"attachmentStep":false},{"name":"abort_on_fail","time":{"start":1727228613315,"stop":1727228613315,"duration":0},"status":"passed","steps":[],"attachments":[],"parameters":[],"stepsCount":0,"shouldDisplayMessage":false,"attachmentsCount":0,"hasContent":false,"attachmentStep":false}],"testStage":{"description":"Test data is replicated to new units after a scale up.","status":"broken","statusMessage":"tenacity.RetryError: RetryError[<Future at 0x7fac9f9008e0 state=finished raised AttributeError>]","statusTrace":"Traceback (most recent call last):\n  File \"/home/runner/work/test-runners-2-github-x64-postgresql-operator/test-runners-2-github-x64-postgresql-operator/tests/integration/helpers.py\", line 228, in check_cluster_members\n    address = get_unit_address(ops_test, primary)\n  File \"/home/runner/work/test-runners-2-github-x64-postgresql-operator/test-runners-2-github-x64-postgresql-operator/tests/integration/helpers.py\", line 688, in get_unit_address\n    return model.units.get(unit_name).public_address\nAttributeError: 'NoneType' object has no attribute 'public_address'\n\nThe above exception was the direct cause of the following exception:\n\nTraceback (most recent call last):\n  File \"/home/runner/work/test-runners-2-github-x64-postgresql-operator/test-runners-2-github-x64-postgresql-operator/.tox/integration/lib/python3.10/site-packages/_pytest/runner.py\", line 341, in from_call\n    result: Optional[TResult] = func()\n  File \"/home/runner/work/test-runners-2-github-x64-postgresql-operator/test-runners-2-github-x64-postgresql-operator/.tox/integration/lib/python3.10/site-packages/_pytest/runner.py\", line 241, in <lambda>\n    lambda: runtest_hook(item=item, **kwds), when=when, reraise=reraise\n  File \"/home/runner/work/test-runners-2-github-x64-postgresql-operator/test-runners-2-github-x64-postgresql-operator/.tox/integration/lib/python3.10/site-packages/pluggy/_hooks.py\", line 513, in __call__\n    return self._hookexec(self.name, self._hookimpls.copy(), kwargs, firstresult)\n  File \"/home/runner/work/test-runners-2-github-x64-postgresql-operator/test-runners-2-github-x64-postgresql-operator/.tox/integration/lib/python3.10/site-packages/pluggy/_manager.py\", line 120, in _hookexec\n    return self._inner_hookexec(hook_name, methods, kwargs, firstresult)\n  File \"/home/runner/work/test-runners-2-github-x64-postgresql-operator/test-runners-2-github-x64-postgresql-operator/.tox/integration/lib/python3.10/site-packages/pluggy/_callers.py\", line 182, in _multicall\n    return outcome.get_result()\n  File \"/home/runner/work/test-runners-2-github-x64-postgresql-operator/test-runners-2-github-x64-postgresql-operator/.tox/integration/lib/python3.10/site-packages/pluggy/_result.py\", line 100, in get_result\n    raise exc.with_traceback(exc.__traceback__)\n  File \"/home/runner/work/test-runners-2-github-x64-postgresql-operator/test-runners-2-github-x64-postgresql-operator/.tox/integration/lib/python3.10/site-packages/pluggy/_callers.py\", line 167, in _multicall\n    teardown.throw(outcome._exception)\n  File \"/home/runner/work/test-runners-2-github-x64-postgresql-operator/test-runners-2-github-x64-postgresql-operator/.tox/integration/lib/python3.10/site-packages/_pytest/threadexception.py\", line 87, in pytest_runtest_call\n    yield from thread_exception_runtest_hook()\n  File \"/home/runner/work/test-runners-2-github-x64-postgresql-operator/test-runners-2-github-x64-postgresql-operator/.tox/integration/lib/python3.10/site-packages/_pytest/threadexception.py\", line 63, in thread_exception_runtest_hook\n    yield\n  File \"/home/runner/work/test-runners-2-github-x64-postgresql-operator/test-runners-2-github-x64-postgresql-operator/.tox/integration/lib/python3.10/site-packages/pluggy/_callers.py\", line 167, in _multicall\n    teardown.throw(outcome._exception)\n  File \"/home/runner/work/test-runners-2-github-x64-postgresql-operator/test-runners-2-github-x64-postgresql-operator/.tox/integration/lib/python3.10/site-packages/_pytest/unraisableexception.py\", line 90, in pytest_runtest_call\n    yield from unraisable_exception_runtest_hook()\n  File \"/home/runner/work/test-runners-2-github-x64-postgresql-operator/test-runners-2-github-x64-postgresql-operator/.tox/integration/lib/python3.10/site-packages/_pytest/unraisableexception.py\", line 65, in unraisable_exception_runtest_hook\n    yield\n  File \"/home/runner/work/test-runners-2-github-x64-postgresql-operator/test-runners-2-github-x64-postgresql-operator/.tox/integration/lib/python3.10/site-packages/pluggy/_callers.py\", line 167, in _multicall\n    teardown.throw(outcome._exception)\n  File \"/home/runner/work/test-runners-2-github-x64-postgresql-operator/test-runners-2-github-x64-postgresql-operator/.tox/integration/lib/python3.10/site-packages/_pytest/logging.py\", line 850, in pytest_runtest_call\n    yield from self._runtest_for(item, \"call\")\n  File \"/home/runner/work/test-runners-2-github-x64-postgresql-operator/test-runners-2-github-x64-postgresql-operator/.tox/integration/lib/python3.10/site-packages/_pytest/logging.py\", line 833, in _runtest_for\n    yield\n  File \"/home/runner/work/test-runners-2-github-x64-postgresql-operator/test-runners-2-github-x64-postgresql-operator/.tox/integration/lib/python3.10/site-packages/pluggy/_callers.py\", line 167, in _multicall\n    teardown.throw(outcome._exception)\n  File \"/home/runner/work/test-runners-2-github-x64-postgresql-operator/test-runners-2-github-x64-postgresql-operator/.tox/integration/lib/python3.10/site-packages/_pytest/capture.py\", line 878, in pytest_runtest_call\n    return (yield)\n  File \"/home/runner/work/test-runners-2-github-x64-postgresql-operator/test-runners-2-github-x64-postgresql-operator/.tox/integration/lib/python3.10/site-packages/pluggy/_callers.py\", line 167, in _multicall\n    teardown.throw(outcome._exception)\n  File \"/home/runner/work/test-runners-2-github-x64-postgresql-operator/test-runners-2-github-x64-postgresql-operator/.tox/integration/lib/python3.10/site-packages/_pytest/skipping.py\", line 257, in pytest_runtest_call\n    return (yield)\n  File \"/home/runner/work/test-runners-2-github-x64-postgresql-operator/test-runners-2-github-x64-postgresql-operator/.tox/integration/lib/python3.10/site-packages/pluggy/_callers.py\", line 103, in _multicall\n    res = hook_impl.function(*args)\n  File \"/home/runner/work/test-runners-2-github-x64-postgresql-operator/test-runners-2-github-x64-postgresql-operator/.tox/integration/lib/python3.10/site-packages/_pytest/runner.py\", line 183, in pytest_runtest_call\n    raise e\n  File \"/home/runner/work/test-runners-2-github-x64-postgresql-operator/test-runners-2-github-x64-postgresql-operator/.tox/integration/lib/python3.10/site-packages/_pytest/runner.py\", line 173, in pytest_runtest_call\n    item.runtest()\n  File \"/home/runner/work/test-runners-2-github-x64-postgresql-operator/test-runners-2-github-x64-postgresql-operator/.tox/integration/lib/python3.10/site-packages/_pytest/python.py\", line 1632, in runtest\n    self.ihook.pytest_pyfunc_call(pyfuncitem=self)\n  File \"/home/runner/work/test-runners-2-github-x64-postgresql-operator/test-runners-2-github-x64-postgresql-operator/.tox/integration/lib/python3.10/site-packages/pluggy/_hooks.py\", line 513, in __call__\n    return self._hookexec(self.name, self._hookimpls.copy(), kwargs, firstresult)\n  File \"/home/runner/work/test-runners-2-github-x64-postgresql-operator/test-runners-2-github-x64-postgresql-operator/.tox/integration/lib/python3.10/site-packages/pluggy/_manager.py\", line 120, in _hookexec\n    return self._inner_hookexec(hook_name, methods, kwargs, firstresult)\n  File \"/home/runner/work/test-runners-2-github-x64-postgresql-operator/test-runners-2-github-x64-postgresql-operator/.tox/integration/lib/python3.10/site-packages/pluggy/_callers.py\", line 182, in _multicall\n    return outcome.get_result()\n  File \"/home/runner/work/test-runners-2-github-x64-postgresql-operator/test-runners-2-github-x64-postgresql-operator/.tox/integration/lib/python3.10/site-packages/pluggy/_result.py\", line 100, in get_result\n    raise exc.with_traceback(exc.__traceback__)\n  File \"/home/runner/work/test-runners-2-github-x64-postgresql-operator/test-runners-2-github-x64-postgresql-operator/.tox/integration/lib/python3.10/site-packages/pluggy/_callers.py\", line 103, in _multicall\n    res = hook_impl.function(*args)\n  File \"/home/runner/work/test-runners-2-github-x64-postgresql-operator/test-runners-2-github-x64-postgresql-operator/.tox/integration/lib/python3.10/site-packages/_pytest/python.py\", line 162, in pytest_pyfunc_call\n    result = testfunction(**testargs)\n  File \"/home/runner/work/test-runners-2-github-x64-postgresql-operator/test-runners-2-github-x64-postgresql-operator/.tox/integration/lib/python3.10/site-packages/pytest_asyncio/plugin.py\", line 529, in inner\n    _loop.run_until_complete(task)\n  File \"/usr/lib/python3.10/asyncio/base_events.py\", line 649, in run_until_complete\n    return future.result()\n  File \"/home/runner/work/test-runners-2-github-x64-postgresql-operator/test-runners-2-github-x64-postgresql-operator/tests/integration/test_charm.py\", line 290, in test_scale_down_and_up\n    await check_cluster_members(ops_test, DATABASE_APP_NAME)\n  File \"/home/runner/work/test-runners-2-github-x64-postgresql-operator/test-runners-2-github-x64-postgresql-operator/tests/integration/helpers.py\", line 222, in check_cluster_members\n    for attempt in Retrying(\n  File \"/home/runner/work/test-runners-2-github-x64-postgresql-operator/test-runners-2-github-x64-postgresql-operator/.tox/integration/lib/python3.10/site-packages/tenacity/__init__.py\", line 443, in __iter__\n    do = self.iter(retry_state=retry_state)\n  File \"/home/runner/work/test-runners-2-github-x64-postgresql-operator/test-runners-2-github-x64-postgresql-operator/.tox/integration/lib/python3.10/site-packages/tenacity/__init__.py\", line 376, in iter\n    result = action(retry_state)\n  File \"/home/runner/work/test-runners-2-github-x64-postgresql-operator/test-runners-2-github-x64-postgresql-operator/.tox/integration/lib/python3.10/site-packages/tenacity/__init__.py\", line 419, in exc_check\n    raise retry_exc from fut.exception()\ntenacity.RetryError: RetryError[<Future at 0x7fac9f9008e0 state=finished raised AttributeError>]","steps":[],"attachments":[{"uid":"df3fc2992195a5df","name":"log","source":"df3fc2992195a5df.txt","type":"text/plain","size":9446}],"parameters":[],"stepsCount":0,"shouldDisplayMessage":true,"attachmentsCount":1,"hasContent":true,"attachmentStep":false},"afterStages":[{"name":"abort_on_fail::0","time":{"start":1727230134364,"stop":1727230134364,"duration":0},"status":"passed","steps":[],"attachments":[],"parameters":[],"stepsCount":0,"shouldDisplayMessage":false,"attachmentsCount":0,"hasContent":false,"attachmentStep":false},{"name":"ops_test::finalizer","time":{"start":1727230148493,"stop":1727230148870,"duration":377},"status":"passed","steps":[],"attachments":[],"parameters":[],"stepsCount":0,"shouldDisplayMessage":false,"attachmentsCount":0,"hasContent":false,"attachmentStep":false},{"name":"event_loop::2","time":{"start":1727230148871,"stop":1727230148871,"duration":0},"status":"passed","steps":[],"attachments":[],"parameters":[],"stepsCount":0,"shouldDisplayMessage":false,"attachmentsCount":0,"hasContent":false,"attachmentStep":false},{"name":"event_loop::_close_event_loop","time":{"start":1727230148871,"stop":1727230148871,"duration":0},"status":"passed","steps":[],"attachments":[],"parameters":[],"stepsCount":0,"shouldDisplayMessage":false,"attachmentsCount":0,"hasContent":false,"attachmentStep":false},{"name":"event_loop::_provide_clean_event_loop","time":{"start":1727230148871,"stop":1727230148871,"duration":0},"status":"passed","steps":[],"attachments":[],"parameters":[],"stepsCount":0,"shouldDisplayMessage":false,"attachmentsCount":0,"hasContent":false,"attachmentStep":false}],"labels":[{"name":"tag","value":"group(1)"},{"name":"tag","value":"asyncio"},{"name":"parentSuite","value":"tests.integration"},{"name":"suite","value":"test_charm"},{"name":"host","value":"fv-az573-406"},{"name":"thread","value":"9937-MainThread"},{"name":"framework","value":"pytest"},{"name":"language","value":"cpython3"},{"name":"package","value":"tests.integration.test_charm"},{"name":"resultFormat","value":"allure2"}],"parameters":[],"links":[],"hidden":false,"retry":false,"extra":{"severity":"normal","retries":[{"uid":"e0243c14f208df43","status":"unknown","time":{}}],"categories":[{"name":"Test defects","matchedStatuses":[],"flaky":false}],"history":{"statistic":{"failed":0,"broken":23,"skipped":2,"passed":83,"unknown":1,"total":109},"items":[{"uid":"5734e2f8979c6dd","reportUrl":"../183//#testresult/5734e2f8979c6dd","status":"passed","time":{"start":1727142274353,"stop":1727143494124,"duration":1219771}},{"uid":"b1363586b81bd145","reportUrl":"../182//#testresult/b1363586b81bd145","status":"passed","time":{"start":1727055904317,"stop":1727057305417,"duration":1401100}},{"uid":"f367f05855477c1f","reportUrl":"../181//#testresult/f367f05855477c1f","status":"passed","time":{"start":1726969448876,"stop":1726970463738,"duration":1014862}},{"uid":"291452062be0b93d","reportUrl":"../180//#testresult/291452062be0b93d","status":"passed","time":{"start":1726883042944,"stop":1726884484759,"duration":1441815}},{"uid":"3bf9f390f5442a02","reportUrl":"../179//#testresult/3bf9f390f5442a02","status":"passed","time":{"start":1726796616826,"stop":1726797834050,"duration":1217224}},{"uid":"f25c86adc8a2a984","reportUrl":"../178//#testresult/f25c86adc8a2a984","status":"broken","statusDetails":"tenacity.RetryError: RetryError[<Future at 0x7f548dfedba0 state=finished raised AttributeError>]","time":{"start":1726710306706,"stop":1726711739475,"duration":1432769}},{"uid":"8f6680ea3b869ab4","reportUrl":"../177//#testresult/8f6680ea3b869ab4","status":"broken","statusDetails":"tenacity.RetryError: RetryError[<Future at 0x7f2b17034d90 state=finished raised AttributeError>]","time":{"start":1726623760000,"stop":1726625122714,"duration":1362714}},{"uid":"5d32f546b96ce6e4","reportUrl":"../176//#testresult/5d32f546b96ce6e4","status":"passed","time":{"start":1726537742773,"stop":1726539022059,"duration":1279286}},{"uid":"7e2636f82f6a6997","reportUrl":"../175//#testresult/7e2636f82f6a6997","status":"passed","time":{"start":1726451410580,"stop":1726452634050,"duration":1223470}},{"uid":"d1cca1b2cf5512c6","reportUrl":"../174//#testresult/d1cca1b2cf5512c6","status":"passed","time":{"start":1726364923359,"stop":1726366293887,"duration":1370528}},{"uid":"c1c61b05d8dab10a","reportUrl":"../173//#testresult/c1c61b05d8dab10a","status":"broken","statusDetails":"asyncio.exceptions.TimeoutError: Timed out waiting for model:\npostgresql/6 [executing] waiting: awaiting for member to start","time":{"start":1726278503903,"stop":1726281081356,"duration":2577453}},{"uid":"94157f8d558838c5","reportUrl":"../172//#testresult/94157f8d558838c5","status":"passed","time":{"start":1726192203862,"stop":1726193609668,"duration":1405806}},{"uid":"252796120110af70","reportUrl":"../171//#testresult/252796120110af70","status":"broken","statusDetails":"tenacity.RetryError: RetryError[<Future at 0x7f410dd84940 state=finished raised AttributeError>]","time":{"start":1726105784896,"stop":1726107141766,"duration":1356870}},{"uid":"60944eb31ef09ad1","reportUrl":"../170//#testresult/60944eb31ef09ad1","status":"passed","time":{"start":1726019398556,"stop":1726020605005,"duration":1206449}},{"uid":"65edd4a190345b","reportUrl":"../169//#testresult/65edd4a190345b","status":"broken","statusDetails":"tenacity.RetryError: RetryError[<Future at 0x7fd81cf1c220 state=finished raised AttributeError>]","time":{"start":1725932958729,"stop":1725934079978,"duration":1121249}},{"uid":"583661c73d01617b","reportUrl":"../168//#testresult/583661c73d01617b","status":"passed","time":{"start":1725846520517,"stop":1725847726785,"duration":1206268}},{"uid":"64bdc85d3a814548","reportUrl":"../167//#testresult/64bdc85d3a814548","status":"passed","time":{"start":1725760121703,"stop":1725761284055,"duration":1162352}},{"uid":"668065f625a959c1","reportUrl":"../166//#testresult/668065f625a959c1","status":"passed","time":{"start":1725673846817,"stop":1725675011494,"duration":1164677}},{"uid":"69db1796d2c9966b","reportUrl":"../165//#testresult/69db1796d2c9966b","status":"passed","time":{"start":1725587441815,"stop":1725588873941,"duration":1432126}},{"uid":"7cdf75302d88c405","reportUrl":"../164//#testresult/7cdf75302d88c405","status":"passed","time":{"start":1725501175186,"stop":1725502230753,"duration":1055567}}]},"tags":["asyncio","group(1)"]},"source":"fa7579991d84fe45.json","parameterValues":[]}