{"uid":"33662e7a0825ee2a","name":"test_full_cluster_restart[SIGKILL-postgres]","fullName":"tests.integration.ha_tests.test_self_healing#test_full_cluster_restart","historyId":"2702afd99304f2d258e13b03718c72a0","time":{"start":1719110918991,"stop":1719110918991,"duration":0},"description":"This tests checks that a cluster recovers from a full cluster restart.\n\n    The test can be called a full cluster crash when the signal sent to the OS process\n    is SIGKILL.\n    ","descriptionHtml":"<p>This tests checks that a cluster recovers from a full cluster restart.</p>\n<pre><code>The test can be called a full cluster crash when the signal sent to the OS process\nis SIGKILL.\n</code></pre>\n","status":"broken","statusMessage":"tenacity.RetryError: RetryError[<Future at 0x7fcb98524b20 state=finished raised RetryError>]","statusTrace":"Traceback (most recent call last):\n  File \"/home/runner/work/test-runners-2-github-x64-postgresql-operator/test-runners-2-github-x64-postgresql-operator/tests/integration/ha_tests/helpers.py\", line 634, in get_primary\n    assert action.results[\"primary\"] is not None and action.results[\"primary\"] != \"None\"\nAssertionError\n\nThe above exception was the direct cause of the following exception:\n\nTraceback (most recent call last):\n  File \"/home/runner/work/test-runners-2-github-x64-postgresql-operator/test-runners-2-github-x64-postgresql-operator/tests/integration/ha_tests/helpers.py\", line 412, in get_patroni_setting\n    primary_name = await get_primary(ops_test, app)\n  File \"/home/runner/work/test-runners-2-github-x64-postgresql-operator/test-runners-2-github-x64-postgresql-operator/tests/integration/ha_tests/helpers.py\", line 629, in get_primary\n    for attempt in Retrying(stop=stop_after_delay(60 * 3), wait=wait_fixed(3)):\n  File \"/home/runner/work/test-runners-2-github-x64-postgresql-operator/test-runners-2-github-x64-postgresql-operator/.tox/integration/lib/python3.10/site-packages/tenacity/__init__.py\", line 347, in __iter__\n    do = self.iter(retry_state=retry_state)\n  File \"/home/runner/work/test-runners-2-github-x64-postgresql-operator/test-runners-2-github-x64-postgresql-operator/.tox/integration/lib/python3.10/site-packages/tenacity/__init__.py\", line 326, in iter\n    raise retry_exc from fut.exception()\ntenacity.RetryError: RetryError[<Future at 0x7fcb98525420 state=finished raised AssertionError>]\n\nThe above exception was the direct cause of the following exception:\n\nTraceback (most recent call last):\n  File \"/home/runner/work/test-runners-2-github-x64-postgresql-operator/test-runners-2-github-x64-postgresql-operator/.tox/integration/lib/python3.10/site-packages/_pytest/runner.py\", line 341, in from_call\n    result: Optional[TResult] = func()\n  File \"/home/runner/work/test-runners-2-github-x64-postgresql-operator/test-runners-2-github-x64-postgresql-operator/.tox/integration/lib/python3.10/site-packages/_pytest/runner.py\", line 241, in <lambda>\n    lambda: runtest_hook(item=item, **kwds), when=when, reraise=reraise\n  File \"/home/runner/work/test-runners-2-github-x64-postgresql-operator/test-runners-2-github-x64-postgresql-operator/.tox/integration/lib/python3.10/site-packages/pluggy/_hooks.py\", line 513, in __call__\n    return self._hookexec(self.name, self._hookimpls.copy(), kwargs, firstresult)\n  File \"/home/runner/work/test-runners-2-github-x64-postgresql-operator/test-runners-2-github-x64-postgresql-operator/.tox/integration/lib/python3.10/site-packages/pluggy/_manager.py\", line 120, in _hookexec\n    return self._inner_hookexec(hook_name, methods, kwargs, firstresult)\n  File \"/home/runner/work/test-runners-2-github-x64-postgresql-operator/test-runners-2-github-x64-postgresql-operator/.tox/integration/lib/python3.10/site-packages/pluggy/_callers.py\", line 182, in _multicall\n    return outcome.get_result()\n  File \"/home/runner/work/test-runners-2-github-x64-postgresql-operator/test-runners-2-github-x64-postgresql-operator/.tox/integration/lib/python3.10/site-packages/pluggy/_result.py\", line 100, in get_result\n    raise exc.with_traceback(exc.__traceback__)\n  File \"/home/runner/work/test-runners-2-github-x64-postgresql-operator/test-runners-2-github-x64-postgresql-operator/.tox/integration/lib/python3.10/site-packages/pluggy/_callers.py\", line 167, in _multicall\n    teardown.throw(outcome._exception)\n  File \"/home/runner/work/test-runners-2-github-x64-postgresql-operator/test-runners-2-github-x64-postgresql-operator/.tox/integration/lib/python3.10/site-packages/_pytest/unraisableexception.py\", line 85, in pytest_runtest_setup\n    yield from unraisable_exception_runtest_hook()\n  File \"/home/runner/work/test-runners-2-github-x64-postgresql-operator/test-runners-2-github-x64-postgresql-operator/.tox/integration/lib/python3.10/site-packages/_pytest/unraisableexception.py\", line 65, in unraisable_exception_runtest_hook\n    yield\n  File \"/home/runner/work/test-runners-2-github-x64-postgresql-operator/test-runners-2-github-x64-postgresql-operator/.tox/integration/lib/python3.10/site-packages/pluggy/_callers.py\", line 167, in _multicall\n    teardown.throw(outcome._exception)\n  File \"/home/runner/work/test-runners-2-github-x64-postgresql-operator/test-runners-2-github-x64-postgresql-operator/.tox/integration/lib/python3.10/site-packages/_pytest/logging.py\", line 844, in pytest_runtest_setup\n    yield from self._runtest_for(item, \"setup\")\n  File \"/home/runner/work/test-runners-2-github-x64-postgresql-operator/test-runners-2-github-x64-postgresql-operator/.tox/integration/lib/python3.10/site-packages/_pytest/logging.py\", line 833, in _runtest_for\n    yield\n  File \"/home/runner/work/test-runners-2-github-x64-postgresql-operator/test-runners-2-github-x64-postgresql-operator/.tox/integration/lib/python3.10/site-packages/pluggy/_callers.py\", line 167, in _multicall\n    teardown.throw(outcome._exception)\n  File \"/home/runner/work/test-runners-2-github-x64-postgresql-operator/test-runners-2-github-x64-postgresql-operator/.tox/integration/lib/python3.10/site-packages/_pytest/capture.py\", line 873, in pytest_runtest_setup\n    return (yield)\n  File \"/home/runner/work/test-runners-2-github-x64-postgresql-operator/test-runners-2-github-x64-postgresql-operator/.tox/integration/lib/python3.10/site-packages/pluggy/_callers.py\", line 167, in _multicall\n    teardown.throw(outcome._exception)\n  File \"/home/runner/work/test-runners-2-github-x64-postgresql-operator/test-runners-2-github-x64-postgresql-operator/.tox/integration/lib/python3.10/site-packages/_pytest/threadexception.py\", line 82, in pytest_runtest_setup\n    yield from thread_exception_runtest_hook()\n  File \"/home/runner/work/test-runners-2-github-x64-postgresql-operator/test-runners-2-github-x64-postgresql-operator/.tox/integration/lib/python3.10/site-packages/_pytest/threadexception.py\", line 63, in thread_exception_runtest_hook\n    yield\n  File \"/home/runner/work/test-runners-2-github-x64-postgresql-operator/test-runners-2-github-x64-postgresql-operator/.tox/integration/lib/python3.10/site-packages/pluggy/_callers.py\", line 103, in _multicall\n    res = hook_impl.function(*args)\n  File \"/home/runner/work/test-runners-2-github-x64-postgresql-operator/test-runners-2-github-x64-postgresql-operator/.tox/integration/lib/python3.10/site-packages/_pytest/runner.py\", line 159, in pytest_runtest_setup\n    item.session._setupstate.setup(item)\n  File \"/home/runner/work/test-runners-2-github-x64-postgresql-operator/test-runners-2-github-x64-postgresql-operator/.tox/integration/lib/python3.10/site-packages/_pytest/runner.py\", line 515, in setup\n    raise exc\n  File \"/home/runner/work/test-runners-2-github-x64-postgresql-operator/test-runners-2-github-x64-postgresql-operator/.tox/integration/lib/python3.10/site-packages/_pytest/runner.py\", line 512, in setup\n    col.setup()\n  File \"/home/runner/work/test-runners-2-github-x64-postgresql-operator/test-runners-2-github-x64-postgresql-operator/.tox/integration/lib/python3.10/site-packages/_pytest/python.py\", line 1630, in setup\n    self._request._fillfixtures()\n  File \"/home/runner/work/test-runners-2-github-x64-postgresql-operator/test-runners-2-github-x64-postgresql-operator/.tox/integration/lib/python3.10/site-packages/_pytest/fixtures.py\", line 683, in _fillfixtures\n    item.funcargs[argname] = self.getfixturevalue(argname)\n  File \"/home/runner/work/test-runners-2-github-x64-postgresql-operator/test-runners-2-github-x64-postgresql-operator/.tox/integration/lib/python3.10/site-packages/_pytest/fixtures.py\", line 518, in getfixturevalue\n    fixturedef = self._get_active_fixturedef(argname)\n  File \"/home/runner/work/test-runners-2-github-x64-postgresql-operator/test-runners-2-github-x64-postgresql-operator/.tox/integration/lib/python3.10/site-packages/_pytest/fixtures.py\", line 603, in _get_active_fixturedef\n    fixturedef.execute(request=subrequest)\n  File \"/home/runner/work/test-runners-2-github-x64-postgresql-operator/test-runners-2-github-x64-postgresql-operator/.tox/integration/lib/python3.10/site-packages/_pytest/fixtures.py\", line 1073, in execute\n    result = ihook.pytest_fixture_setup(fixturedef=self, request=request)\n  File \"/home/runner/work/test-runners-2-github-x64-postgresql-operator/test-runners-2-github-x64-postgresql-operator/.tox/integration/lib/python3.10/site-packages/pluggy/_hooks.py\", line 513, in __call__\n    return self._hookexec(self.name, self._hookimpls.copy(), kwargs, firstresult)\n  File \"/home/runner/work/test-runners-2-github-x64-postgresql-operator/test-runners-2-github-x64-postgresql-operator/.tox/integration/lib/python3.10/site-packages/pluggy/_manager.py\", line 120, in _hookexec\n    return self._inner_hookexec(hook_name, methods, kwargs, firstresult)\n  File \"/home/runner/work/test-runners-2-github-x64-postgresql-operator/test-runners-2-github-x64-postgresql-operator/.tox/integration/lib/python3.10/site-packages/pluggy/_callers.py\", line 182, in _multicall\n    return outcome.get_result()\n  File \"/home/runner/work/test-runners-2-github-x64-postgresql-operator/test-runners-2-github-x64-postgresql-operator/.tox/integration/lib/python3.10/site-packages/pluggy/_result.py\", line 100, in get_result\n    raise exc.with_traceback(exc.__traceback__)\n  File \"/home/runner/work/test-runners-2-github-x64-postgresql-operator/test-runners-2-github-x64-postgresql-operator/.tox/integration/lib/python3.10/site-packages/pluggy/_callers.py\", line 167, in _multicall\n    teardown.throw(outcome._exception)\n  File \"/home/runner/work/test-runners-2-github-x64-postgresql-operator/test-runners-2-github-x64-postgresql-operator/.tox/integration/lib/python3.10/site-packages/_pytest/setuponly.py\", line 36, in pytest_fixture_setup\n    return (yield)\n  File \"/home/runner/work/test-runners-2-github-x64-postgresql-operator/test-runners-2-github-x64-postgresql-operator/.tox/integration/lib/python3.10/site-packages/pluggy/_callers.py\", line 103, in _multicall\n    res = hook_impl.function(*args)\n  File \"/home/runner/work/test-runners-2-github-x64-postgresql-operator/test-runners-2-github-x64-postgresql-operator/.tox/integration/lib/python3.10/site-packages/_pytest/fixtures.py\", line 1122, in pytest_fixture_setup\n    result = call_fixture_func(fixturefunc, request, kwargs)\n  File \"/home/runner/work/test-runners-2-github-x64-postgresql-operator/test-runners-2-github-x64-postgresql-operator/.tox/integration/lib/python3.10/site-packages/_pytest/fixtures.py\", line 884, in call_fixture_func\n    fixture_result = fixturefunc(**kwargs)\n  File \"/home/runner/work/test-runners-2-github-x64-postgresql-operator/test-runners-2-github-x64-postgresql-operator/.tox/integration/lib/python3.10/site-packages/pytest_asyncio/plugin.py\", line 302, in _asyncgen_fixture_wrapper\n    result = event_loop.run_until_complete(setup())\n  File \"/usr/lib/python3.10/asyncio/base_events.py\", line 649, in run_until_complete\n    return future.result()\n  File \"/home/runner/work/test-runners-2-github-x64-postgresql-operator/test-runners-2-github-x64-postgresql-operator/.tox/integration/lib/python3.10/site-packages/pytest_asyncio/plugin.py\", line 284, in setup\n    res = await gen_obj.__anext__()\n  File \"/home/runner/work/test-runners-2-github-x64-postgresql-operator/test-runners-2-github-x64-postgresql-operator/tests/integration/ha_tests/conftest.py\", line 44, in loop_wait\n    initial_loop_wait = await get_patroni_setting(ops_test, \"loop_wait\")\n  File \"/home/runner/work/test-runners-2-github-x64-postgresql-operator/test-runners-2-github-x64-postgresql-operator/tests/integration/ha_tests/helpers.py\", line 409, in get_patroni_setting\n    for attempt in Retrying(stop=stop_after_delay(30 * 2), wait=wait_fixed(3)):\n  File \"/home/runner/work/test-runners-2-github-x64-postgresql-operator/test-runners-2-github-x64-postgresql-operator/.tox/integration/lib/python3.10/site-packages/tenacity/__init__.py\", line 347, in __iter__\n    do = self.iter(retry_state=retry_state)\n  File \"/home/runner/work/test-runners-2-github-x64-postgresql-operator/test-runners-2-github-x64-postgresql-operator/.tox/integration/lib/python3.10/site-packages/tenacity/__init__.py\", line 326, in iter\n    raise retry_exc from fut.exception()\ntenacity.RetryError: RetryError[<Future at 0x7fcb98524b20 state=finished raised RetryError>]","flaky":false,"newFailed":false,"newBroken":true,"newPassed":false,"retriesCount":1,"retriesStatusChange":true,"beforeStages":[{"name":"continuous_writes","time":{"start":1719110918992,"stop":1719110918992,"duration":0},"status":"passed","steps":[],"attachments":[],"parameters":[],"stepsCount":0,"shouldDisplayMessage":false,"attachmentsCount":0,"hasContent":false,"attachmentStep":false},{"name":"abort_on_fail","time":{"start":1719110918992,"stop":1719110918992,"duration":0},"status":"passed","steps":[],"attachments":[],"parameters":[],"stepsCount":0,"shouldDisplayMessage":false,"attachmentsCount":0,"hasContent":false,"attachmentStep":false},{"name":"reset_restart_condition","time":{"start":1719110918993,"stop":1719110926449,"duration":7456},"status":"passed","steps":[],"attachments":[],"parameters":[],"stepsCount":0,"shouldDisplayMessage":false,"attachmentsCount":0,"hasContent":false,"attachmentStep":false},{"name":"loop_wait","time":{"start":1719110926449,"stop":1719111110469,"duration":184020},"status":"broken","statusMessage":"tenacity.RetryError: RetryError[<Future at 0x7fcb98524b20 state=finished raised RetryError>]\n","statusTrace":"  File \"/home/runner/work/test-runners-2-github-x64-postgresql-operator/test-runners-2-github-x64-postgresql-operator/.tox/integration/lib/python3.10/site-packages/pluggy/_callers.py\", line 167, in _multicall\n    teardown.throw(outcome._exception)\n  File \"/home/runner/work/test-runners-2-github-x64-postgresql-operator/test-runners-2-github-x64-postgresql-operator/.tox/integration/lib/python3.10/site-packages/_pytest/setuponly.py\", line 36, in pytest_fixture_setup\n    return (yield)\n  File \"/home/runner/work/test-runners-2-github-x64-postgresql-operator/test-runners-2-github-x64-postgresql-operator/.tox/integration/lib/python3.10/site-packages/pluggy/_callers.py\", line 103, in _multicall\n    res = hook_impl.function(*args)\n  File \"/home/runner/work/test-runners-2-github-x64-postgresql-operator/test-runners-2-github-x64-postgresql-operator/.tox/integration/lib/python3.10/site-packages/_pytest/fixtures.py\", line 1122, in pytest_fixture_setup\n    result = call_fixture_func(fixturefunc, request, kwargs)\n  File \"/home/runner/work/test-runners-2-github-x64-postgresql-operator/test-runners-2-github-x64-postgresql-operator/.tox/integration/lib/python3.10/site-packages/_pytest/fixtures.py\", line 884, in call_fixture_func\n    fixture_result = fixturefunc(**kwargs)\n  File \"/home/runner/work/test-runners-2-github-x64-postgresql-operator/test-runners-2-github-x64-postgresql-operator/.tox/integration/lib/python3.10/site-packages/pytest_asyncio/plugin.py\", line 302, in _asyncgen_fixture_wrapper\n    result = event_loop.run_until_complete(setup())\n  File \"/usr/lib/python3.10/asyncio/base_events.py\", line 649, in run_until_complete\n    return future.result()\n  File \"/home/runner/work/test-runners-2-github-x64-postgresql-operator/test-runners-2-github-x64-postgresql-operator/.tox/integration/lib/python3.10/site-packages/pytest_asyncio/plugin.py\", line 284, in setup\n    res = await gen_obj.__anext__()\n  File \"/home/runner/work/test-runners-2-github-x64-postgresql-operator/test-runners-2-github-x64-postgresql-operator/tests/integration/ha_tests/conftest.py\", line 44, in loop_wait\n    initial_loop_wait = await get_patroni_setting(ops_test, \"loop_wait\")\n  File \"/home/runner/work/test-runners-2-github-x64-postgresql-operator/test-runners-2-github-x64-postgresql-operator/tests/integration/ha_tests/helpers.py\", line 409, in get_patroni_setting\n    for attempt in Retrying(stop=stop_after_delay(30 * 2), wait=wait_fixed(3)):\n  File \"/home/runner/work/test-runners-2-github-x64-postgresql-operator/test-runners-2-github-x64-postgresql-operator/.tox/integration/lib/python3.10/site-packages/tenacity/__init__.py\", line 347, in __iter__\n    do = self.iter(retry_state=retry_state)\n  File \"/home/runner/work/test-runners-2-github-x64-postgresql-operator/test-runners-2-github-x64-postgresql-operator/.tox/integration/lib/python3.10/site-packages/tenacity/__init__.py\", line 326, in iter\n    raise retry_exc from fut.exception()\n","steps":[],"attachments":[],"parameters":[],"stepsCount":0,"shouldDisplayMessage":true,"attachmentsCount":0,"hasContent":true,"attachmentStep":false}],"afterStages":[{"name":"reset_restart_condition::finalizer","time":{"start":1719111110471,"stop":1719111118029,"duration":7558},"status":"passed","steps":[],"attachments":[],"parameters":[],"stepsCount":0,"shouldDisplayMessage":false,"attachmentsCount":0,"hasContent":false,"attachmentStep":false},{"name":"continuous_writes::finalizer","time":{"start":1719111118030,"stop":1719111421718,"duration":303688},"status":"failed","statusMessage":"AssertionError: Unable to clear up continuous_writes table\nassert 'False' == 'True'\n  \n  - True\n  + False\n","statusTrace":"  File \"/home/runner/work/test-runners-2-github-x64-postgresql-operator/test-runners-2-github-x64-postgresql-operator/.tox/integration/lib/python3.10/site-packages/allure_commons/_allure.py\", line 221, in __call__\n    return self._fixture_function(*args, **kwargs)\n  File \"/home/runner/work/test-runners-2-github-x64-postgresql-operator/test-runners-2-github-x64-postgresql-operator/.tox/integration/lib/python3.10/site-packages/pytest_asyncio/plugin.py\", line 300, in finalizer\n    event_loop.run_until_complete(async_finalizer())\n  File \"/usr/lib/python3.10/asyncio/base_events.py\", line 649, in run_until_complete\n    return future.result()\n  File \"/home/runner/work/test-runners-2-github-x64-postgresql-operator/test-runners-2-github-x64-postgresql-operator/.tox/integration/lib/python3.10/site-packages/pytest_asyncio/plugin.py\", line 292, in async_finalizer\n    await gen_obj.__anext__()\n  File \"/home/runner/work/test-runners-2-github-x64-postgresql-operator/test-runners-2-github-x64-postgresql-operator/tests/integration/ha_tests/conftest.py\", line 29, in continuous_writes\n    for attempt in Retrying(stop=stop_after_delay(60 * 5), wait=wait_fixed(3), reraise=True):\n  File \"/home/runner/work/test-runners-2-github-x64-postgresql-operator/test-runners-2-github-x64-postgresql-operator/.tox/integration/lib/python3.10/site-packages/tenacity/__init__.py\", line 347, in __iter__\n    do = self.iter(retry_state=retry_state)\n  File \"/home/runner/work/test-runners-2-github-x64-postgresql-operator/test-runners-2-github-x64-postgresql-operator/.tox/integration/lib/python3.10/site-packages/tenacity/__init__.py\", line 325, in iter\n    raise retry_exc.reraise()\n  File \"/home/runner/work/test-runners-2-github-x64-postgresql-operator/test-runners-2-github-x64-postgresql-operator/.tox/integration/lib/python3.10/site-packages/tenacity/__init__.py\", line 158, in reraise\n    raise self.last_attempt.result()\n  File \"/usr/lib/python3.10/concurrent/futures/_base.py\", line 451, in result\n    return self.__get_result()\n  File \"/usr/lib/python3.10/concurrent/futures/_base.py\", line 403, in __get_result\n    raise self._exception\n  File \"/home/runner/work/test-runners-2-github-x64-postgresql-operator/test-runners-2-github-x64-postgresql-operator/tests/integration/ha_tests/conftest.py\", line 37, in continuous_writes\n    assert action.results[\"result\"] == \"True\", \"Unable to clear up continuous_writes table\"\n","steps":[],"attachments":[],"parameters":[],"stepsCount":0,"shouldDisplayMessage":true,"attachmentsCount":0,"hasContent":true,"attachmentStep":false},{"name":"abort_on_fail::0","time":{"start":1719111421719,"stop":1719111421719,"duration":0},"status":"passed","steps":[],"attachments":[],"parameters":[],"stepsCount":0,"shouldDisplayMessage":false,"attachmentsCount":0,"hasContent":false,"attachmentStep":false}],"labels":[{"name":"tag","value":"group(1)"},{"name":"tag","value":"asyncio"},{"name":"parentSuite","value":"tests.integration.ha_tests"},{"name":"suite","value":"test_self_healing"},{"name":"host","value":"fv-az1542-663"},{"name":"thread","value":"7044-MainThread"},{"name":"framework","value":"pytest"},{"name":"language","value":"cpython3"},{"name":"package","value":"tests.integration.ha_tests.test_self_healing"},{"name":"resultFormat","value":"allure2"}],"parameters":[{"name":"process","value":"'postgres'"},{"name":"signal","value":"'SIGKILL'"}],"links":[],"hidden":false,"retry":false,"extra":{"severity":"normal","retries":[{"uid":"b5025f3bba15e391","status":"unknown","time":{}}],"categories":[{"name":"Test defects","matchedStatuses":[],"flaky":false}],"history":{"statistic":{"failed":6,"broken":2,"skipped":0,"passed":6,"unknown":2,"total":16},"items":[{"uid":"c4cc8b553bedd100","reportUrl":"../85//#testresult/c4cc8b553bedd100","status":"failed","statusDetails":"AssertionError: Not all units down at the same time.\nassert False","time":{"start":1719022683286,"stop":1719022751078,"duration":67792}},{"uid":"d6cf5b94300674f8","reportUrl":"../84//#testresult/d6cf5b94300674f8","status":"failed","statusDetails":"AssertionError: Not all units down at the same time.\nassert False","time":{"start":1718935873297,"stop":1718935940717,"duration":67420}},{"uid":"d2a1f423202b16b7","reportUrl":"../83//#testresult/d2a1f423202b16b7","status":"failed","statusDetails":"AssertionError: Not all units down at the same time.\nassert False","time":{"start":1718852049980,"stop":1718852115383,"duration":65403}},{"uid":"718753f2a9c92d81","reportUrl":"../82//#testresult/718753f2a9c92d81","status":"passed","time":{"start":1718762557052,"stop":1718762584037,"duration":26985}},{"uid":"2313d6b454fa3e3a","reportUrl":"../81//#testresult/2313d6b454fa3e3a","status":"passed","time":{"start":1718676540818,"stop":1718676574839,"duration":34021}},{"uid":"3edd2a0db8b85926","reportUrl":"../80//#testresult/3edd2a0db8b85926","status":"failed","statusDetails":"AssertionError: Not all units down at the same time.\nassert False","time":{"start":1718589884218,"stop":1718589952444,"duration":68226}},{"uid":"65c03670e7c042d6","reportUrl":"../79//#testresult/65c03670e7c042d6","status":"passed","time":{"start":1718503451090,"stop":1718503485469,"duration":34379}},{"uid":"11356e32755e4a3a","reportUrl":"../78//#testresult/11356e32755e4a3a","status":"passed","time":{"start":1718417028275,"stop":1718417052061,"duration":23786}},{"uid":"fe91cf5e22c9fec","reportUrl":"../77//#testresult/fe91cf5e22c9fec","status":"unknown","time":{}},{"uid":"6c3388476067eaf9","reportUrl":"../76//#testresult/6c3388476067eaf9","status":"failed","statusDetails":"AssertionError: Not all units down at the same time.\nassert False","time":{"start":1718247063871,"stop":1718247130890,"duration":67019}},{"uid":"7bd2708273068216","reportUrl":"../75//#testresult/7bd2708273068216","status":"passed","time":{"start":1718158827893,"stop":1718158860721,"duration":32828}},{"uid":"a296676bd68f4f3","reportUrl":"../74//#testresult/a296676bd68f4f3","status":"unknown","time":{}},{"uid":"20cf39c35b81a842","reportUrl":"../73//#testresult/20cf39c35b81a842","status":"broken","statusDetails":"tenacity.RetryError: RetryError[<Future at 0x7f59f672ad40 state=finished raised RetryError>]","time":{"start":1717988267610,"stop":1717988267610,"duration":0}},{"uid":"da0ececc61a09d29","reportUrl":"../72//#testresult/da0ececc61a09d29","status":"passed","time":{"start":1717900109690,"stop":1717900131092,"duration":21402}},{"uid":"c82695e01e019411","reportUrl":"../71//#testresult/c82695e01e019411","status":"failed","statusDetails":"AssertionError: Not all units down at the same time.\nassert False","time":{"start":1717812125990,"stop":1717812200761,"duration":74771}}]},"tags":["asyncio","group(1)"]},"source":"33662e7a0825ee2a.json","parameterValues":["'postgres'","'SIGKILL'"]}