[32mINFO    [0m pytest_operator.plugin:plugin.py:862 Model status:

Model  Controller           Cloud/Region         Version  SLA          Timestamp
test   localhost-localhost  localhost/localhost  3.4.4    unsupported  02:03:44Z

App                   Version  Status  Scale  Charm                Channel        Rev  Exposed  Message
mailman3-core                  active      1  mailman3-core        latest/stable   18  no       Ready (source version/commit e1d5a03)
postgresql            14.12    active      2  postgresql                            0  no       
postgresql-test-app            active      1  postgresql-test-app  latest/edge    239  no       
postgresql-test-app2           active      1  postgresql-test-app  latest/edge    239  no       

Unit                     Workload  Agent      Machine  Public address  Ports     Message
mailman3-core/0*         active    idle       2        10.23.113.242   25/tcp    Ready (source version/commit e1d5a03)
postgresql-test-app2/0*  active    executing  6        10.23.113.164             
postgresql-test-app/0*   active    executing  5        10.23.113.237             
postgresql/2*            blocked   executing  3        10.23.113.236   5432/tcp  extensions requested through relation, enable them through config options
postgresql/3             active    executing  4        10.23.113.126   5432/tcp  

Machine  State    Address        Inst id        Base          AZ  Message
2        started  10.23.113.242  juju-eb86f6-2  ubuntu@20.04      Running
3        started  10.23.113.236  juju-eb86f6-3  ubuntu@22.04      Running
4        started  10.23.113.126  juju-eb86f6-4  ubuntu@22.04      Running
5        started  10.23.113.237  juju-eb86f6-5  ubuntu@22.04      Running
6        started  10.23.113.164  juju-eb86f6-6  ubuntu@22.04      Running

[32mINFO    [0m pytest_operator.plugin:plugin.py:868 Juju error logs:

machine-1: 01:39:19 ERROR juju.worker.dependency "lxd-container-provisioner" manifold worker returned unexpected error: container types not yet available
machine-1: 01:39:19 ERROR juju.worker.dependency "kvm-container-provisioner" manifold worker returned unexpected error: container types not yet available
unit-postgresql-1: 01:39:19 ERROR juju.worker.meterstatus error running "meter-status-changed": charm missing from disk
machine-0: 01:39:23 ERROR juju.worker.dependency "lxd-container-provisioner" manifold worker returned unexpected error: container types not yet available
machine-0: 01:39:23 ERROR juju.worker.dependency "kvm-container-provisioner" manifold worker returned unexpected error: container types not yet available
unit-postgresql-0: 01:39:23 ERROR juju.worker.meterstatus error running "meter-status-changed": charm missing from disk
machine-2: 01:44:10 ERROR juju.worker.dependency "lxd-container-provisioner" manifold worker returned unexpected error: container types not yet available
machine-2: 01:44:10 ERROR juju.worker.dependency "kvm-container-provisioner" manifold worker returned unexpected error: container types not yet available
unit-mailman3-core-0: 01:44:10 ERROR juju.worker.meterstatus error running "meter-status-changed": charm missing from disk
machine-4: 01:50:08 ERROR juju.worker.dependency "lxd-container-provisioner" manifold worker returned unexpected error: container types not yet available
machine-4: 01:50:08 ERROR juju.worker.dependency "kvm-container-provisioner" manifold worker returned unexpected error: container types not yet available
unit-postgresql-3: 01:50:08 ERROR juju.worker.meterstatus error running "meter-status-changed": charm missing from disk
machine-3: 01:50:13 ERROR juju.worker.dependency "kvm-container-provisioner" manifold worker returned unexpected error: container types not yet available
machine-3: 01:50:13 ERROR juju.worker.dependency "lxd-container-provisioner" manifold worker returned unexpected error: container types not yet available
unit-postgresql-2: 01:50:13 ERROR juju.worker.meterstatus error running "meter-status-changed": charm missing from disk
unit-postgresql-3: 01:58:45 ERROR unit.postgresql/3.juju-log Failed to get PostgreSQL version: connection to server at "10.23.113.25", port 5432 failed: Connection refused
	Is the server running on that host and accepting TCP/IP connections?

unit-postgresql-3: 01:58:45 ERROR unit.postgresql/3.juju-log 
Traceback (most recent call last):
  File "/var/lib/juju/agents/unit-postgresql-3/charm/lib/charms/postgresql_k8s/v0/postgresql.py", line 433, in get_postgresql_version
    with self._connect_to_database() as connection, connection.cursor() as cursor:
  File "/var/lib/juju/agents/unit-postgresql-3/charm/lib/charms/tempo_k8s/v1/charm_tracing.py", line 647, in wrapped_function
    return callable(*args, **kwargs)  # type: ignore
  File "/var/lib/juju/agents/unit-postgresql-3/charm/lib/charms/postgresql_k8s/v0/postgresql.py", line 131, in _connect_to_database
    connection = psycopg2.connect(
  File "/var/lib/juju/agents/unit-postgresql-3/charm/venv/psycopg2/__init__.py", line 122, in connect
    conn = _connect(dsn, connection_factory=connection_factory, **kwasync)
psycopg2.OperationalError: connection to server at "10.23.113.25", port 5432 failed: Connection refused
	Is the server running on that host and accepting TCP/IP connections?


During handling of the above exception, another exception occurred:

Traceback (most recent call last):
  File "/var/lib/juju/agents/unit-postgresql-3/charm/src/relations/db.py", line 323, in update_endpoints
    postgresql_version = self.charm.postgresql.get_postgresql_version()
  File "/var/lib/juju/agents/unit-postgresql-3/charm/lib/charms/tempo_k8s/v1/charm_tracing.py", line 647, in wrapped_function
    return callable(*args, **kwargs)  # type: ignore
  File "/var/lib/juju/agents/unit-postgresql-3/charm/lib/charms/postgresql_k8s/v0/postgresql.py", line 439, in get_postgresql_version
    raise PostgreSQLGetPostgreSQLVersionError()
charms.postgresql_k8s.v0.postgresql.PostgreSQLGetPostgreSQLVersionError
machine-6: 02:02:35 ERROR juju.worker.dependency "lxd-container-provisioner" manifold worker returned unexpected error: container types not yet available
machine-6: 02:02:35 ERROR juju.worker.dependency "kvm-container-provisioner" manifold worker returned unexpected error: container types not yet available
unit-postgresql-test-app2-0: 02:02:36 ERROR juju.worker.meterstatus error running "meter-status-changed": charm missing from disk
machine-5: 02:02:38 ERROR juju.worker.dependency "kvm-container-provisioner" manifold worker returned unexpected error: container types not yet available
machine-5: 02:02:38 ERROR juju.worker.dependency "lxd-container-provisioner" manifold worker returned unexpected error: container types not yet available
unit-postgresql-test-app-0: 02:02:38 ERROR juju.worker.meterstatus error running "meter-status-changed": charm missing from disk
unit-postgresql-2: 02:03:43 ERROR unit.postgresql/2.juju-log db:9: ERROR - `extensions` (pg_trgm, unaccent) cannot be requested through relations - Please enable extensions through `juju config` and add the relation again.

[32mINFO    [0m pytest_operator.plugin:plugin.py:947 Forgetting model main...