{"uid":"aa98eb777dcf1573","name":"test_async_replication_failover_in_main_cluster","fullName":"tests.integration.ha_tests.test_async_replication#test_async_replication_failover_in_main_cluster","historyId":"0d36e96afab568171b86ef8e12ac0c4f","time":{"start":1720146540752,"stop":1720146586096,"duration":45344},"description":"Test that async replication fails over correctly.","descriptionHtml":"<p>Test that async replication fails over correctly.</p>\n","status":"failed","statusMessage":"AssertionError: Sync-standby is the same as before\nassert 'postgresql-0' != 'postgresql-0'","statusTrace":"Traceback (most recent call last):\n  File \"/home/runner/work/test-runners-2-github-x64-postgresql-operator/test-runners-2-github-x64-postgresql-operator/.tox/integration/lib/python3.10/site-packages/_pytest/runner.py\", line 341, in from_call\n    result: Optional[TResult] = func()\n  File \"/home/runner/work/test-runners-2-github-x64-postgresql-operator/test-runners-2-github-x64-postgresql-operator/.tox/integration/lib/python3.10/site-packages/_pytest/runner.py\", line 241, in <lambda>\n    lambda: runtest_hook(item=item, **kwds), when=when, reraise=reraise\n  File \"/home/runner/work/test-runners-2-github-x64-postgresql-operator/test-runners-2-github-x64-postgresql-operator/.tox/integration/lib/python3.10/site-packages/pluggy/_hooks.py\", line 513, in __call__\n    return self._hookexec(self.name, self._hookimpls.copy(), kwargs, firstresult)\n  File \"/home/runner/work/test-runners-2-github-x64-postgresql-operator/test-runners-2-github-x64-postgresql-operator/.tox/integration/lib/python3.10/site-packages/pluggy/_manager.py\", line 120, in _hookexec\n    return self._inner_hookexec(hook_name, methods, kwargs, firstresult)\n  File \"/home/runner/work/test-runners-2-github-x64-postgresql-operator/test-runners-2-github-x64-postgresql-operator/.tox/integration/lib/python3.10/site-packages/pluggy/_callers.py\", line 182, in _multicall\n    return outcome.get_result()\n  File \"/home/runner/work/test-runners-2-github-x64-postgresql-operator/test-runners-2-github-x64-postgresql-operator/.tox/integration/lib/python3.10/site-packages/pluggy/_result.py\", line 100, in get_result\n    raise exc.with_traceback(exc.__traceback__)\n  File \"/home/runner/work/test-runners-2-github-x64-postgresql-operator/test-runners-2-github-x64-postgresql-operator/.tox/integration/lib/python3.10/site-packages/pluggy/_callers.py\", line 167, in _multicall\n    teardown.throw(outcome._exception)\n  File \"/home/runner/work/test-runners-2-github-x64-postgresql-operator/test-runners-2-github-x64-postgresql-operator/.tox/integration/lib/python3.10/site-packages/_pytest/threadexception.py\", line 87, in pytest_runtest_call\n    yield from thread_exception_runtest_hook()\n  File \"/home/runner/work/test-runners-2-github-x64-postgresql-operator/test-runners-2-github-x64-postgresql-operator/.tox/integration/lib/python3.10/site-packages/_pytest/threadexception.py\", line 63, in thread_exception_runtest_hook\n    yield\n  File \"/home/runner/work/test-runners-2-github-x64-postgresql-operator/test-runners-2-github-x64-postgresql-operator/.tox/integration/lib/python3.10/site-packages/pluggy/_callers.py\", line 167, in _multicall\n    teardown.throw(outcome._exception)\n  File \"/home/runner/work/test-runners-2-github-x64-postgresql-operator/test-runners-2-github-x64-postgresql-operator/.tox/integration/lib/python3.10/site-packages/_pytest/unraisableexception.py\", line 90, in pytest_runtest_call\n    yield from unraisable_exception_runtest_hook()\n  File \"/home/runner/work/test-runners-2-github-x64-postgresql-operator/test-runners-2-github-x64-postgresql-operator/.tox/integration/lib/python3.10/site-packages/_pytest/unraisableexception.py\", line 65, in unraisable_exception_runtest_hook\n    yield\n  File \"/home/runner/work/test-runners-2-github-x64-postgresql-operator/test-runners-2-github-x64-postgresql-operator/.tox/integration/lib/python3.10/site-packages/pluggy/_callers.py\", line 167, in _multicall\n    teardown.throw(outcome._exception)\n  File \"/home/runner/work/test-runners-2-github-x64-postgresql-operator/test-runners-2-github-x64-postgresql-operator/.tox/integration/lib/python3.10/site-packages/_pytest/logging.py\", line 850, in pytest_runtest_call\n    yield from self._runtest_for(item, \"call\")\n  File \"/home/runner/work/test-runners-2-github-x64-postgresql-operator/test-runners-2-github-x64-postgresql-operator/.tox/integration/lib/python3.10/site-packages/_pytest/logging.py\", line 833, in _runtest_for\n    yield\n  File \"/home/runner/work/test-runners-2-github-x64-postgresql-operator/test-runners-2-github-x64-postgresql-operator/.tox/integration/lib/python3.10/site-packages/pluggy/_callers.py\", line 167, in _multicall\n    teardown.throw(outcome._exception)\n  File \"/home/runner/work/test-runners-2-github-x64-postgresql-operator/test-runners-2-github-x64-postgresql-operator/.tox/integration/lib/python3.10/site-packages/_pytest/capture.py\", line 878, in pytest_runtest_call\n    return (yield)\n  File \"/home/runner/work/test-runners-2-github-x64-postgresql-operator/test-runners-2-github-x64-postgresql-operator/.tox/integration/lib/python3.10/site-packages/pluggy/_callers.py\", line 167, in _multicall\n    teardown.throw(outcome._exception)\n  File \"/home/runner/work/test-runners-2-github-x64-postgresql-operator/test-runners-2-github-x64-postgresql-operator/.tox/integration/lib/python3.10/site-packages/_pytest/skipping.py\", line 257, in pytest_runtest_call\n    return (yield)\n  File \"/home/runner/work/test-runners-2-github-x64-postgresql-operator/test-runners-2-github-x64-postgresql-operator/.tox/integration/lib/python3.10/site-packages/pluggy/_callers.py\", line 103, in _multicall\n    res = hook_impl.function(*args)\n  File \"/home/runner/work/test-runners-2-github-x64-postgresql-operator/test-runners-2-github-x64-postgresql-operator/.tox/integration/lib/python3.10/site-packages/_pytest/runner.py\", line 183, in pytest_runtest_call\n    raise e\n  File \"/home/runner/work/test-runners-2-github-x64-postgresql-operator/test-runners-2-github-x64-postgresql-operator/.tox/integration/lib/python3.10/site-packages/_pytest/runner.py\", line 173, in pytest_runtest_call\n    item.runtest()\n  File \"/home/runner/work/test-runners-2-github-x64-postgresql-operator/test-runners-2-github-x64-postgresql-operator/.tox/integration/lib/python3.10/site-packages/_pytest/python.py\", line 1632, in runtest\n    self.ihook.pytest_pyfunc_call(pyfuncitem=self)\n  File \"/home/runner/work/test-runners-2-github-x64-postgresql-operator/test-runners-2-github-x64-postgresql-operator/.tox/integration/lib/python3.10/site-packages/pluggy/_hooks.py\", line 513, in __call__\n    return self._hookexec(self.name, self._hookimpls.copy(), kwargs, firstresult)\n  File \"/home/runner/work/test-runners-2-github-x64-postgresql-operator/test-runners-2-github-x64-postgresql-operator/.tox/integration/lib/python3.10/site-packages/pluggy/_manager.py\", line 120, in _hookexec\n    return self._inner_hookexec(hook_name, methods, kwargs, firstresult)\n  File \"/home/runner/work/test-runners-2-github-x64-postgresql-operator/test-runners-2-github-x64-postgresql-operator/.tox/integration/lib/python3.10/site-packages/pluggy/_callers.py\", line 182, in _multicall\n    return outcome.get_result()\n  File \"/home/runner/work/test-runners-2-github-x64-postgresql-operator/test-runners-2-github-x64-postgresql-operator/.tox/integration/lib/python3.10/site-packages/pluggy/_result.py\", line 100, in get_result\n    raise exc.with_traceback(exc.__traceback__)\n  File \"/home/runner/work/test-runners-2-github-x64-postgresql-operator/test-runners-2-github-x64-postgresql-operator/.tox/integration/lib/python3.10/site-packages/pluggy/_callers.py\", line 103, in _multicall\n    res = hook_impl.function(*args)\n  File \"/home/runner/work/test-runners-2-github-x64-postgresql-operator/test-runners-2-github-x64-postgresql-operator/.tox/integration/lib/python3.10/site-packages/_pytest/python.py\", line 162, in pytest_pyfunc_call\n    result = testfunction(**testargs)\n  File \"/home/runner/work/test-runners-2-github-x64-postgresql-operator/test-runners-2-github-x64-postgresql-operator/.tox/integration/lib/python3.10/site-packages/pytest_asyncio/plugin.py\", line 529, in inner\n    _loop.run_until_complete(task)\n  File \"/usr/lib/python3.10/asyncio/base_events.py\", line 649, in run_until_complete\n    return future.result()\n  File \"/home/runner/work/test-runners-2-github-x64-postgresql-operator/test-runners-2-github-x64-postgresql-operator/tests/integration/ha_tests/test_async_replication.py\", line 489, in test_async_replication_failover_in_main_cluster\n    assert new_sync_standby != sync_standby, \"Sync-standby is the same as before\"\nAssertionError: Sync-standby is the same as before\nassert 'postgresql-0' != 'postgresql-0'","flaky":true,"newFailed":true,"newBroken":false,"newPassed":false,"retriesCount":1,"retriesStatusChange":true,"beforeStages":[{"name":"event_loop","time":{"start":1720143899255,"stop":1720143899255,"duration":0},"status":"passed","steps":[],"attachments":[],"parameters":[],"stepsCount":0,"shouldDisplayMessage":false,"attachmentsCount":0,"hasContent":false,"attachmentStep":false},{"name":"tmp_path_factory","time":{"start":1720143899255,"stop":1720143899255,"duration":0},"status":"passed","steps":[],"attachments":[],"parameters":[],"stepsCount":0,"shouldDisplayMessage":false,"attachmentsCount":0,"hasContent":false,"attachmentStep":false},{"name":"ops_test","time":{"start":1720143899255,"stop":1720143899390,"duration":135},"status":"passed","steps":[],"attachments":[],"parameters":[],"stepsCount":0,"shouldDisplayMessage":false,"attachmentsCount":0,"hasContent":false,"attachmentStep":false},{"name":"first_model","time":{"start":1720143899390,"stop":1720143899390,"duration":0},"status":"passed","steps":[],"attachments":[],"parameters":[],"stepsCount":0,"shouldDisplayMessage":false,"attachmentsCount":0,"hasContent":false,"attachmentStep":false},{"name":"second_model","time":{"start":1720143899390,"stop":1720143899998,"duration":608},"status":"passed","steps":[],"attachments":[],"parameters":[],"stepsCount":0,"shouldDisplayMessage":false,"attachmentsCount":0,"hasContent":false,"attachmentStep":false},{"name":"continuous_writes","time":{"start":1720146540752,"stop":1720146540752,"duration":0},"status":"passed","steps":[],"attachments":[],"parameters":[],"stepsCount":0,"shouldDisplayMessage":false,"attachmentsCount":0,"hasContent":false,"attachmentStep":false},{"name":"abort_on_fail","time":{"start":1720146540752,"stop":1720146540752,"duration":0},"status":"passed","steps":[],"attachments":[],"parameters":[],"stepsCount":0,"shouldDisplayMessage":false,"attachmentsCount":0,"hasContent":false,"attachmentStep":false}],"testStage":{"description":"Test that async replication fails over correctly.","status":"failed","statusMessage":"AssertionError: Sync-standby is the same as before\nassert 'postgresql-0' != 'postgresql-0'","statusTrace":"Traceback (most recent call last):\n  File \"/home/runner/work/test-runners-2-github-x64-postgresql-operator/test-runners-2-github-x64-postgresql-operator/.tox/integration/lib/python3.10/site-packages/_pytest/runner.py\", line 341, in from_call\n    result: Optional[TResult] = func()\n  File \"/home/runner/work/test-runners-2-github-x64-postgresql-operator/test-runners-2-github-x64-postgresql-operator/.tox/integration/lib/python3.10/site-packages/_pytest/runner.py\", line 241, in <lambda>\n    lambda: runtest_hook(item=item, **kwds), when=when, reraise=reraise\n  File \"/home/runner/work/test-runners-2-github-x64-postgresql-operator/test-runners-2-github-x64-postgresql-operator/.tox/integration/lib/python3.10/site-packages/pluggy/_hooks.py\", line 513, in __call__\n    return self._hookexec(self.name, self._hookimpls.copy(), kwargs, firstresult)\n  File \"/home/runner/work/test-runners-2-github-x64-postgresql-operator/test-runners-2-github-x64-postgresql-operator/.tox/integration/lib/python3.10/site-packages/pluggy/_manager.py\", line 120, in _hookexec\n    return self._inner_hookexec(hook_name, methods, kwargs, firstresult)\n  File \"/home/runner/work/test-runners-2-github-x64-postgresql-operator/test-runners-2-github-x64-postgresql-operator/.tox/integration/lib/python3.10/site-packages/pluggy/_callers.py\", line 182, in _multicall\n    return outcome.get_result()\n  File \"/home/runner/work/test-runners-2-github-x64-postgresql-operator/test-runners-2-github-x64-postgresql-operator/.tox/integration/lib/python3.10/site-packages/pluggy/_result.py\", line 100, in get_result\n    raise exc.with_traceback(exc.__traceback__)\n  File \"/home/runner/work/test-runners-2-github-x64-postgresql-operator/test-runners-2-github-x64-postgresql-operator/.tox/integration/lib/python3.10/site-packages/pluggy/_callers.py\", line 167, in _multicall\n    teardown.throw(outcome._exception)\n  File \"/home/runner/work/test-runners-2-github-x64-postgresql-operator/test-runners-2-github-x64-postgresql-operator/.tox/integration/lib/python3.10/site-packages/_pytest/threadexception.py\", line 87, in pytest_runtest_call\n    yield from thread_exception_runtest_hook()\n  File \"/home/runner/work/test-runners-2-github-x64-postgresql-operator/test-runners-2-github-x64-postgresql-operator/.tox/integration/lib/python3.10/site-packages/_pytest/threadexception.py\", line 63, in thread_exception_runtest_hook\n    yield\n  File \"/home/runner/work/test-runners-2-github-x64-postgresql-operator/test-runners-2-github-x64-postgresql-operator/.tox/integration/lib/python3.10/site-packages/pluggy/_callers.py\", line 167, in _multicall\n    teardown.throw(outcome._exception)\n  File \"/home/runner/work/test-runners-2-github-x64-postgresql-operator/test-runners-2-github-x64-postgresql-operator/.tox/integration/lib/python3.10/site-packages/_pytest/unraisableexception.py\", line 90, in pytest_runtest_call\n    yield from unraisable_exception_runtest_hook()\n  File \"/home/runner/work/test-runners-2-github-x64-postgresql-operator/test-runners-2-github-x64-postgresql-operator/.tox/integration/lib/python3.10/site-packages/_pytest/unraisableexception.py\", line 65, in unraisable_exception_runtest_hook\n    yield\n  File \"/home/runner/work/test-runners-2-github-x64-postgresql-operator/test-runners-2-github-x64-postgresql-operator/.tox/integration/lib/python3.10/site-packages/pluggy/_callers.py\", line 167, in _multicall\n    teardown.throw(outcome._exception)\n  File \"/home/runner/work/test-runners-2-github-x64-postgresql-operator/test-runners-2-github-x64-postgresql-operator/.tox/integration/lib/python3.10/site-packages/_pytest/logging.py\", line 850, in pytest_runtest_call\n    yield from self._runtest_for(item, \"call\")\n  File \"/home/runner/work/test-runners-2-github-x64-postgresql-operator/test-runners-2-github-x64-postgresql-operator/.tox/integration/lib/python3.10/site-packages/_pytest/logging.py\", line 833, in _runtest_for\n    yield\n  File \"/home/runner/work/test-runners-2-github-x64-postgresql-operator/test-runners-2-github-x64-postgresql-operator/.tox/integration/lib/python3.10/site-packages/pluggy/_callers.py\", line 167, in _multicall\n    teardown.throw(outcome._exception)\n  File \"/home/runner/work/test-runners-2-github-x64-postgresql-operator/test-runners-2-github-x64-postgresql-operator/.tox/integration/lib/python3.10/site-packages/_pytest/capture.py\", line 878, in pytest_runtest_call\n    return (yield)\n  File \"/home/runner/work/test-runners-2-github-x64-postgresql-operator/test-runners-2-github-x64-postgresql-operator/.tox/integration/lib/python3.10/site-packages/pluggy/_callers.py\", line 167, in _multicall\n    teardown.throw(outcome._exception)\n  File \"/home/runner/work/test-runners-2-github-x64-postgresql-operator/test-runners-2-github-x64-postgresql-operator/.tox/integration/lib/python3.10/site-packages/_pytest/skipping.py\", line 257, in pytest_runtest_call\n    return (yield)\n  File \"/home/runner/work/test-runners-2-github-x64-postgresql-operator/test-runners-2-github-x64-postgresql-operator/.tox/integration/lib/python3.10/site-packages/pluggy/_callers.py\", line 103, in _multicall\n    res = hook_impl.function(*args)\n  File \"/home/runner/work/test-runners-2-github-x64-postgresql-operator/test-runners-2-github-x64-postgresql-operator/.tox/integration/lib/python3.10/site-packages/_pytest/runner.py\", line 183, in pytest_runtest_call\n    raise e\n  File \"/home/runner/work/test-runners-2-github-x64-postgresql-operator/test-runners-2-github-x64-postgresql-operator/.tox/integration/lib/python3.10/site-packages/_pytest/runner.py\", line 173, in pytest_runtest_call\n    item.runtest()\n  File \"/home/runner/work/test-runners-2-github-x64-postgresql-operator/test-runners-2-github-x64-postgresql-operator/.tox/integration/lib/python3.10/site-packages/_pytest/python.py\", line 1632, in runtest\n    self.ihook.pytest_pyfunc_call(pyfuncitem=self)\n  File \"/home/runner/work/test-runners-2-github-x64-postgresql-operator/test-runners-2-github-x64-postgresql-operator/.tox/integration/lib/python3.10/site-packages/pluggy/_hooks.py\", line 513, in __call__\n    return self._hookexec(self.name, self._hookimpls.copy(), kwargs, firstresult)\n  File \"/home/runner/work/test-runners-2-github-x64-postgresql-operator/test-runners-2-github-x64-postgresql-operator/.tox/integration/lib/python3.10/site-packages/pluggy/_manager.py\", line 120, in _hookexec\n    return self._inner_hookexec(hook_name, methods, kwargs, firstresult)\n  File \"/home/runner/work/test-runners-2-github-x64-postgresql-operator/test-runners-2-github-x64-postgresql-operator/.tox/integration/lib/python3.10/site-packages/pluggy/_callers.py\", line 182, in _multicall\n    return outcome.get_result()\n  File \"/home/runner/work/test-runners-2-github-x64-postgresql-operator/test-runners-2-github-x64-postgresql-operator/.tox/integration/lib/python3.10/site-packages/pluggy/_result.py\", line 100, in get_result\n    raise exc.with_traceback(exc.__traceback__)\n  File \"/home/runner/work/test-runners-2-github-x64-postgresql-operator/test-runners-2-github-x64-postgresql-operator/.tox/integration/lib/python3.10/site-packages/pluggy/_callers.py\", line 103, in _multicall\n    res = hook_impl.function(*args)\n  File \"/home/runner/work/test-runners-2-github-x64-postgresql-operator/test-runners-2-github-x64-postgresql-operator/.tox/integration/lib/python3.10/site-packages/_pytest/python.py\", line 162, in pytest_pyfunc_call\n    result = testfunction(**testargs)\n  File \"/home/runner/work/test-runners-2-github-x64-postgresql-operator/test-runners-2-github-x64-postgresql-operator/.tox/integration/lib/python3.10/site-packages/pytest_asyncio/plugin.py\", line 529, in inner\n    _loop.run_until_complete(task)\n  File \"/usr/lib/python3.10/asyncio/base_events.py\", line 649, in run_until_complete\n    return future.result()\n  File \"/home/runner/work/test-runners-2-github-x64-postgresql-operator/test-runners-2-github-x64-postgresql-operator/tests/integration/ha_tests/test_async_replication.py\", line 489, in test_async_replication_failover_in_main_cluster\n    assert new_sync_standby != sync_standby, \"Sync-standby is the same as before\"\nAssertionError: Sync-standby is the same as before\nassert 'postgresql-0' != 'postgresql-0'","steps":[],"attachments":[{"uid":"c86afd9cee1decc0","name":"log","source":"c86afd9cee1decc0.txt","type":"text/plain","size":1115}],"parameters":[],"stepsCount":0,"shouldDisplayMessage":true,"attachmentsCount":1,"hasContent":true,"attachmentStep":false},"afterStages":[{"name":"continuous_writes::finalizer","time":{"start":1720146586122,"stop":1720146598524,"duration":12402},"status":"passed","steps":[],"attachments":[],"parameters":[],"stepsCount":0,"shouldDisplayMessage":false,"attachmentsCount":0,"hasContent":false,"attachmentStep":false},{"name":"abort_on_fail::0","time":{"start":1720146598525,"stop":1720146598525,"duration":0},"status":"passed","steps":[],"attachments":[],"parameters":[],"stepsCount":0,"shouldDisplayMessage":false,"attachmentsCount":0,"hasContent":false,"attachmentStep":false},{"name":"second_model::finalizer","time":{"start":1720146598531,"stop":1720146598547,"duration":16},"status":"passed","steps":[],"attachments":[],"parameters":[],"stepsCount":0,"shouldDisplayMessage":false,"attachmentsCount":0,"hasContent":false,"attachmentStep":false},{"name":"ops_test::finalizer","time":{"start":1720146598548,"stop":1720146600311,"duration":1763},"status":"passed","steps":[],"attachments":[],"parameters":[],"stepsCount":0,"shouldDisplayMessage":false,"attachmentsCount":0,"hasContent":false,"attachmentStep":false},{"name":"event_loop::2","time":{"start":1720146600312,"stop":1720146600312,"duration":0},"status":"passed","steps":[],"attachments":[],"parameters":[],"stepsCount":0,"shouldDisplayMessage":false,"attachmentsCount":0,"hasContent":false,"attachmentStep":false},{"name":"event_loop::_close_event_loop","time":{"start":1720146600312,"stop":1720146600312,"duration":0},"status":"passed","steps":[],"attachments":[],"parameters":[],"stepsCount":0,"shouldDisplayMessage":false,"attachmentsCount":0,"hasContent":false,"attachmentStep":false},{"name":"event_loop::_provide_clean_event_loop","time":{"start":1720146600312,"stop":1720146600312,"duration":0},"status":"passed","steps":[],"attachments":[],"parameters":[],"stepsCount":0,"shouldDisplayMessage":false,"attachmentsCount":0,"hasContent":false,"attachmentStep":false}],"labels":[{"name":"tag","value":"abort_on_fail"},{"name":"tag","value":"@pytest.mark.skipif(False, reason='Requires juju 3')"},{"name":"tag","value":"group(1)"},{"name":"tag","value":"asyncio"},{"name":"parentSuite","value":"tests.integration.ha_tests"},{"name":"suite","value":"test_async_replication"},{"name":"host","value":"fv-az1148-558"},{"name":"thread","value":"7402-MainThread"},{"name":"framework","value":"pytest"},{"name":"language","value":"cpython3"},{"name":"package","value":"tests.integration.ha_tests.test_async_replication"},{"name":"resultFormat","value":"allure2"}],"parameters":[],"links":[],"hidden":false,"retry":false,"extra":{"severity":"normal","retries":[{"uid":"d52faba74815c731","status":"unknown","time":{}}],"categories":[{"name":"Product defects","matchedStatuses":[],"flaky":false}],"history":{"statistic":{"failed":4,"broken":2,"skipped":7,"passed":14,"unknown":1,"total":28},"items":[{"uid":"b552728365cd4de","reportUrl":"../98//#testresult/b552728365cd4de","status":"passed","time":{"start":1720059602269,"stop":1720059700564,"duration":98295}},{"uid":"da0ca429e107e780","reportUrl":"../97//#testresult/da0ca429e107e780","status":"skipped","statusDetails":"XFAIL reason: aborted\n\n_pytest.outcomes.XFailed: aborted","time":{"start":1719972352193,"stop":1719972352193,"duration":0}},{"uid":"e3642860f5ca28e3","reportUrl":"../96//#testresult/e3642860f5ca28e3","status":"passed","time":{"start":1719886211703,"stop":1719886311071,"duration":99368}},{"uid":"a867117c0045459a","reportUrl":"../95//#testresult/a867117c0045459a","status":"passed","time":{"start":1719799895675,"stop":1719799988992,"duration":93317}},{"uid":"a6951ebe21f401a8","reportUrl":"../94//#testresult/a6951ebe21f401a8","status":"failed","statusDetails":"AssertionError: Sync-standby is the same as before\nassert 'postgresql-1' != 'postgresql-1'","time":{"start":1719713543445,"stop":1719713594974,"duration":51529}},{"uid":"f7eedc215dd295ef","reportUrl":"../93//#testresult/f7eedc215dd295ef","status":"passed","time":{"start":1719627438599,"stop":1719627530753,"duration":92154}},{"uid":"b73a0ebdd2b83aeb","reportUrl":"../92//#testresult/b73a0ebdd2b83aeb","status":"passed","time":{"start":1719540911745,"stop":1719540998896,"duration":87151}},{"uid":"4d50d76eee5422e","reportUrl":"../91//#testresult/4d50d76eee5422e","status":"unknown","time":{}},{"uid":"283f49713bf68e4","reportUrl":"../89//#testresult/283f49713bf68e4","status":"skipped","statusDetails":"XFAIL reason: aborted\n\n_pytest.outcomes.XFailed: aborted","time":{"start":1719370009575,"stop":1719370009575,"duration":0}},{"uid":"dd45a682d76381f7","reportUrl":"../88//#testresult/dd45a682d76381f7","status":"passed","time":{"start":1719281791288,"stop":1719281839651,"duration":48363}},{"uid":"abaf533e36dc6dbe","reportUrl":"../87//#testresult/abaf533e36dc6dbe","status":"skipped","statusDetails":"XFAIL reason: aborted\n\n_pytest.outcomes.XFailed: aborted","time":{"start":1719195094152,"stop":1719195094152,"duration":0}},{"uid":"4e60c77b34e427bb","reportUrl":"../86//#testresult/4e60c77b34e427bb","status":"passed","time":{"start":1719108974662,"stop":1719109054618,"duration":79956}},{"uid":"c35c79612827b927","reportUrl":"../85//#testresult/c35c79612827b927","status":"failed","statusDetails":"AssertionError: Sync-standby is the same as before\nassert 'postgresql-1' != 'postgresql-1'","time":{"start":1719022680799,"stop":1719022719874,"duration":39075}},{"uid":"2c1df46e28bbb54f","reportUrl":"../84//#testresult/2c1df46e28bbb54f","status":"passed","time":{"start":1718936159071,"stop":1718936237151,"duration":78080}},{"uid":"a1114933348fe1f6","reportUrl":"../83//#testresult/a1114933348fe1f6","status":"passed","time":{"start":1718849936629,"stop":1718850014743,"duration":78114}},{"uid":"590e90afd910afe3","reportUrl":"../82//#testresult/590e90afd910afe3","status":"broken","statusDetails":"juju.errors.JujuUnitError: Unit in error: postgresql/2","time":{"start":1718763447338,"stop":1718763473887,"duration":26549}},{"uid":"d04673289af3e6b0","reportUrl":"../81//#testresult/d04673289af3e6b0","status":"passed","time":{"start":1718677127161,"stop":1718677213624,"duration":86463}},{"uid":"224abc8f98329d9a","reportUrl":"../80//#testresult/224abc8f98329d9a","status":"passed","time":{"start":1718590645732,"stop":1718590721721,"duration":75989}},{"uid":"7e32db6a24ee0392","reportUrl":"../79//#testresult/7e32db6a24ee0392","status":"broken","statusDetails":"AttributeError: 'NoneType' object has no attribute 'replace'","time":{"start":1718504622292,"stop":1718504626792,"duration":4500}},{"uid":"a1e69097a620b8e9","reportUrl":"../78//#testresult/a1e69097a620b8e9","status":"passed","time":{"start":1718417874677,"stop":1718417948217,"duration":73540}}]},"tags":["asyncio","abort_on_fail","@pytest.mark.skipif(False, reason='Requires juju 3')","group(1)"]},"source":"aa98eb777dcf1573.json","parameterValues":[]}