[32mINFO    [0m pytest_operator.plugin:plugin.py:903 Model status:

Model  Controller           Cloud/Region         Version  SLA          Timestamp
test   localhost-localhost  localhost/localhost  3.4.5    unsupported  01:58:11Z

App                   Version  Status  Scale  Charm                Channel        Rev  Exposed  Message
mailman3-core                  active      1  mailman3-core        latest/stable   18  no       Ready (source version/commit e1d5a03)
postgresql            14.13    active      2  postgresql                            0  no       
postgresql-test-app            active      1  postgresql-test-app  latest/edge    252  no       
postgresql-test-app2           active      1  postgresql-test-app  latest/edge    252  no       

Unit                     Workload  Agent      Machine  Public address  Ports     Message
mailman3-core/0*         active    idle       2        10.210.236.240  25/tcp    Ready (source version/commit e1d5a03)
postgresql-test-app2/0*  active    executing  6        10.210.236.51             
postgresql-test-app/0*   active    executing  5        10.210.236.228            
postgresql/2             active    executing  3        10.210.236.145  5432/tcp  Primary
postgresql/3*            blocked   executing  4        10.210.236.109  5432/tcp  extensions requested through relation, enable them through config options

Machine  State    Address         Inst id        Base          AZ  Message
2        started  10.210.236.240  juju-4320ec-2  ubuntu@20.04      Running
3        started  10.210.236.145  juju-4320ec-3  ubuntu@22.04      Running
4        started  10.210.236.109  juju-4320ec-4  ubuntu@22.04      Running
5        started  10.210.236.228  juju-4320ec-5  ubuntu@22.04      Running
6        started  10.210.236.51   juju-4320ec-6  ubuntu@22.04      Running

[32mINFO    [0m pytest_operator.plugin:plugin.py:909 Juju error logs:

machine-0: 01:32:42 ERROR juju.worker.dependency "lxd-container-provisioner" manifold worker returned unexpected error: container types not yet available
machine-0: 01:32:42 ERROR juju.worker.dependency "kvm-container-provisioner" manifold worker returned unexpected error: container types not yet available
unit-postgresql-0: 01:32:42 ERROR juju.worker.meterstatus error running "meter-status-changed": charm missing from disk
machine-1: 01:32:45 ERROR juju.worker.dependency "kvm-container-provisioner" manifold worker returned unexpected error: container types not yet available
machine-1: 01:32:45 ERROR juju.worker.dependency "lxd-container-provisioner" manifold worker returned unexpected error: container types not yet available
unit-postgresql-1: 01:32:45 ERROR juju.worker.meterstatus error running "meter-status-changed": charm missing from disk
machine-2: 01:38:13 ERROR juju.worker.dependency "kvm-container-provisioner" manifold worker returned unexpected error: container types not yet available
machine-2: 01:38:13 ERROR juju.worker.dependency "lxd-container-provisioner" manifold worker returned unexpected error: container types not yet available
unit-mailman3-core-0: 01:38:13 ERROR juju.worker.meterstatus error running "meter-status-changed": charm missing from disk
machine-3: 01:44:16 ERROR juju.worker.dependency "lxd-container-provisioner" manifold worker returned unexpected error: container types not yet available
machine-3: 01:44:16 ERROR juju.worker.dependency "kvm-container-provisioner" manifold worker returned unexpected error: container types not yet available
unit-postgresql-2: 01:44:16 ERROR juju.worker.meterstatus error running "meter-status-changed": charm missing from disk
machine-4: 01:44:23 ERROR juju.worker.dependency "lxd-container-provisioner" manifold worker returned unexpected error: container types not yet available
machine-4: 01:44:23 ERROR juju.worker.dependency "kvm-container-provisioner" manifold worker returned unexpected error: container types not yet available
unit-postgresql-3: 01:44:23 ERROR juju.worker.meterstatus error running "meter-status-changed": charm missing from disk
unit-postgresql-3: 01:47:04 ERROR unit.postgresql/3.juju-log Failed to get PostgreSQL version: connection to server at "10.210.236.109", port 5432 failed: Connection refused
	Is the server running on that host and accepting TCP/IP connections?

unit-postgresql-3: 01:47:04 ERROR unit.postgresql/3.juju-log Failed to retrieve the PostgreSQL version to initialise/update db relation
Traceback (most recent call last):
  File "/var/lib/juju/agents/unit-postgresql-3/charm/lib/charms/postgresql_k8s/v0/postgresql.py", line 459, in get_postgresql_version
    with self._connect_to_database(
  File "/var/lib/juju/agents/unit-postgresql-3/charm/lib/charms/tempo_k8s/v1/charm_tracing.py", line 735, in wrapped_function
    return callable(*args, **kwargs)  # type: ignore
  File "/var/lib/juju/agents/unit-postgresql-3/charm/lib/charms/postgresql_k8s/v0/postgresql.py", line 150, in _connect_to_database
    connection = psycopg2.connect(
  File "/var/lib/juju/agents/unit-postgresql-3/charm/venv/psycopg2/__init__.py", line 122, in connect
    conn = _connect(dsn, connection_factory=connection_factory, **kwasync)
psycopg2.OperationalError: connection to server at "10.210.236.109", port 5432 failed: Connection refused
	Is the server running on that host and accepting TCP/IP connections?


During handling of the above exception, another exception occurred:

Traceback (most recent call last):
  File "/var/lib/juju/agents/unit-postgresql-3/charm/src/relations/db.py", line 320, in update_endpoints
    postgresql_version = self.charm.postgresql.get_postgresql_version()
  File "/var/lib/juju/agents/unit-postgresql-3/charm/lib/charms/tempo_k8s/v1/charm_tracing.py", line 735, in wrapped_function
    return callable(*args, **kwargs)  # type: ignore
  File "/var/lib/juju/agents/unit-postgresql-3/charm/lib/charms/postgresql_k8s/v0/postgresql.py", line 467, in get_postgresql_version
    raise PostgreSQLGetPostgreSQLVersionError()
charms.postgresql_k8s.v0.postgresql.PostgreSQLGetPostgreSQLVersionError
unit-postgresql-0: 01:53:03 ERROR unit.postgresql/0.juju-log Failed to get PostgreSQL version: connection to server at "10.210.236.223", port 5432 failed: Connection refused
	Is the server running on that host and accepting TCP/IP connections?

unit-postgresql-0: 01:53:03 ERROR unit.postgresql/0.juju-log Failed to retrieve the PostgreSQL version to initialise/update db relation
Traceback (most recent call last):
  File "/var/lib/juju/agents/unit-postgresql-0/charm/lib/charms/postgresql_k8s/v0/postgresql.py", line 459, in get_postgresql_version
    with self._connect_to_database(
  File "/var/lib/juju/agents/unit-postgresql-0/charm/lib/charms/tempo_k8s/v1/charm_tracing.py", line 735, in wrapped_function
    return callable(*args, **kwargs)  # type: ignore
  File "/var/lib/juju/agents/unit-postgresql-0/charm/lib/charms/postgresql_k8s/v0/postgresql.py", line 150, in _connect_to_database
    connection = psycopg2.connect(
  File "/var/lib/juju/agents/unit-postgresql-0/charm/venv/psycopg2/__init__.py", line 122, in connect
    conn = _connect(dsn, connection_factory=connection_factory, **kwasync)
psycopg2.OperationalError: connection to server at "10.210.236.223", port 5432 failed: Connection refused
	Is the server running on that host and accepting TCP/IP connections?


During handling of the above exception, another exception occurred:

Traceback (most recent call last):
  File "/var/lib/juju/agents/unit-postgresql-0/charm/src/relations/db.py", line 320, in update_endpoints
    postgresql_version = self.charm.postgresql.get_postgresql_version()
  File "/var/lib/juju/agents/unit-postgresql-0/charm/lib/charms/tempo_k8s/v1/charm_tracing.py", line 735, in wrapped_function
    return callable(*args, **kwargs)  # type: ignore
  File "/var/lib/juju/agents/unit-postgresql-0/charm/lib/charms/postgresql_k8s/v0/postgresql.py", line 467, in get_postgresql_version
    raise PostgreSQLGetPostgreSQLVersionError()
charms.postgresql_k8s.v0.postgresql.PostgreSQLGetPostgreSQLVersionError
unit-postgresql-3: 01:54:21 ERROR juju.worker.dependency "uniter" manifold worker returned unexpected error: relation scope id "ac6d4434-4d4e-411d-8ef0-e14cd74320ec:r#3#mailman3-core": settings ac6d4434-4d4e-411d-8ef0-e14cd74320ec:r#3#mailman3-core not found (not found)
machine-6: 01:57:05 ERROR juju.worker.dependency "lxd-container-provisioner" manifold worker returned unexpected error: container types not yet available
machine-6: 01:57:05 ERROR juju.worker.dependency "kvm-container-provisioner" manifold worker returned unexpected error: container types not yet available
unit-postgresql-test-app2-0: 01:57:05 ERROR juju.worker.meterstatus error running "meter-status-changed": charm missing from disk
machine-5: 01:57:07 ERROR juju.worker.dependency "lxd-container-provisioner" manifold worker returned unexpected error: container types not yet available
machine-5: 01:57:07 ERROR juju.worker.dependency "kvm-container-provisioner" manifold worker returned unexpected error: container types not yet available
unit-postgresql-test-app-0: 01:57:08 ERROR juju.worker.meterstatus error running "meter-status-changed": charm missing from disk
unit-postgresql-3: 01:58:10 ERROR unit.postgresql/3.juju-log db:8: ERROR - `extensions` (pg_trgm, unaccent) cannot be requested through relations - Please enable extensions through `juju config` and add the relation again.

[32mINFO    [0m pytest_operator.plugin:plugin.py:991 Forgetting model main...