[32mINFO    [0m pytest_operator.plugin:plugin.py:734 Connecting to existing model localhost-localhost:test on unspecified cloud
[32mINFO    [0m juju.model:model.py:2097 Deploying local:jammy/postgresql-0
[33mWARNING [0m juju.model:model.py:1563 relate is deprecated and will be removed. Use integrate instead.
[32mINFO    [0m juju.model:model.py:2971 Waiting for model:
  postgresql/0 [allocating] waiting: waiting for machine
  postgresql/1 [allocating] waiting: waiting for machine
  postgresql/2 [allocating] waiting: waiting for machine
[32mINFO    [0m juju.model:model.py:2971 Waiting for model:
  landscape-server/0 [allocating] waiting: waiting for machine
  landscape-server/1 [allocating] waiting: waiting for machine
[32mINFO    [0m juju.model:model.py:2971 Waiting for model:
  postgresql/0 [allocating] waiting: waiting for machine
  postgresql/1 [allocating] waiting: waiting for machine
  postgresql/2 [allocating] waiting: waiting for machine
[32mINFO    [0m juju.model:model.py:2971 Waiting for model:
  landscape-server/0 [allocating] waiting: waiting for machine
  landscape-server/1 [allocating] waiting: waiting for machine
[32mINFO    [0m juju.model:model.py:2971 Waiting for model:
  postgresql/0 [allocating] waiting: waiting for machine
  postgresql/1 [allocating] waiting: waiting for machine
  postgresql/2 [allocating] waiting: waiting for machine
[32mINFO    [0m juju.model:model.py:2971 Waiting for model:
  landscape-server/0 [allocating] waiting: waiting for machine
  landscape-server/1 [allocating] waiting: waiting for machine
[32mINFO    [0m juju.model:model.py:2971 Waiting for model:
  landscape-server/0 [allocating] waiting: waiting for machine
  landscape-server/1 [allocating] waiting: waiting for machine
[32mINFO    [0m juju.model:model.py:2971 Waiting for model:
  postgresql/0 [allocating] waiting: waiting for machine
  postgresql/1 [allocating] waiting: waiting for machine
  postgresql/2 [allocating] waiting: waiting for machine
[32mINFO    [0m juju.model:model.py:2971 Waiting for model:
  landscape-server/0 [allocating] waiting: waiting for machine
  landscape-server/1 [allocating] waiting: waiting for machine
[32mINFO    [0m juju.model:model.py:2971 Waiting for model:
  postgresql/0 [allocating] waiting: waiting for machine
  postgresql/1 [allocating] waiting: waiting for machine
  postgresql/2 [allocating] waiting: waiting for machine
[32mINFO    [0m juju.model:model.py:2971 Waiting for model:
  landscape-server/0 [allocating] waiting: waiting for machine
  landscape-server/1 [allocating] waiting: waiting for machine
[32mINFO    [0m juju.model:model.py:2971 Waiting for model:
  postgresql/0 [allocating] waiting: waiting for machine
  postgresql/1 [allocating] waiting: waiting for machine
  postgresql/2 [allocating] waiting: waiting for machine
[32mINFO    [0m juju.model:model.py:2971 Waiting for model:
  landscape-server/0 [allocating] waiting: waiting for machine
  landscape-server/1 [allocating] waiting: waiting for machine
[32mINFO    [0m juju.model:model.py:2971 Waiting for model:
  postgresql/0 [allocating] waiting: waiting for machine
  postgresql/1 [allocating] waiting: waiting for machine
  postgresql/2 [allocating] waiting: waiting for machine
[32mINFO    [0m juju.model:model.py:2971 Waiting for model:
  postgresql/0 [allocating] waiting: waiting for machine
  postgresql/1 [allocating] waiting: waiting for machine
  postgresql/2 [allocating] waiting: waiting for machine
[32mINFO    [0m juju.model:model.py:2971 Waiting for model:
  landscape-server/0 [allocating] waiting: waiting for machine
  landscape-server/1 [allocating] waiting: waiting for machine
[32mINFO    [0m juju.model:model.py:2971 Waiting for model:
  postgresql/0 [allocating] waiting: waiting for machine
  postgresql/1 [allocating] waiting: waiting for machine
  postgresql/2 [allocating] waiting: waiting for machine
[32mINFO    [0m juju.model:model.py:2971 Waiting for model:
  landscape-server/0 [allocating] waiting: waiting for machine
  landscape-server/1 [allocating] waiting: waiting for machine
[32mINFO    [0m juju.model:model.py:2971 Waiting for model:
  postgresql/0 [executing] waiting: agent initialising
  postgresql/1 [executing] maintenance: installing charm software
  postgresql/2 [executing] maintenance: installing charm software
[32mINFO    [0m juju.model:model.py:2971 Waiting for model:
  landscape-server/0 [allocating] waiting: agent initialising
  landscape-server/1 [allocating] waiting: agent initialising
[32mINFO    [0m juju.model:model.py:2971 Waiting for model:
  postgresql/0 [executing] maintenance: installing PostgreSQL
  postgresql/1 [executing] maintenance: installing PostgreSQL
  postgresql/2 [executing] maintenance: installing PostgreSQL
[32mINFO    [0m juju.model:model.py:2971 Waiting for model:
  landscape-server/0 [executing] maintenance: Installing apt packages
  landscape-server/1 [executing] maintenance: Installing apt packages
[32mINFO    [0m juju.model:model.py:2971 Waiting for model:
  postgresql/0 [executing] maintenance: installing PostgreSQL
  postgresql/1 [executing] maintenance: installing PostgreSQL
  postgresql/2 [executing] maintenance: installing PostgreSQL
[32mINFO    [0m juju.model:model.py:2971 Waiting for model:
  landscape-server/0 [executing] maintenance: Installing apt packages
  landscape-server/1 [executing] maintenance: Installing apt packages
[32mINFO    [0m juju.model:model.py:2971 Waiting for model:
  postgresql/0 [executing] waiting: waiting to start PostgreSQL
  postgresql/1 [executing] waiting: waiting to start PostgreSQL
  postgresql/2 [executing] waiting: waiting to start PostgreSQL
[32mINFO    [0m juju.model:model.py:2971 Waiting for model:
  landscape-server/0 [executing] maintenance: Installing apt packages
  landscape-server/1 [executing] maintenance: Installing apt packages
[32mINFO    [0m juju.model:model.py:2971 Waiting for model:
  postgresql/0 [executing] waiting: awaiting for cluster to start
  postgresql/1 [executing] waiting: awaiting for cluster to start
  postgresql/2 [executing] waiting: awaiting for member to start
[32mINFO    [0m juju.model:model.py:2971 Waiting for model:
  landscape-server/0 [executing] maintenance: Installing apt packages
  landscape-server/1 [executing] maintenance: Installing apt packages
[32mINFO    [0m juju.model:model.py:2971 Waiting for model:
  postgresql/0 [executing] waiting: awaiting for cluster to start
  postgresql/1 [executing] waiting: awaiting for cluster to start
  postgresql/2 [executing] active: Primary
[32mINFO    [0m juju.model:model.py:2971 Waiting for model:
  landscape-server/0 [executing] maintenance: Installing apt packages
  landscape-server/1 [executing] maintenance: Installing apt packages
[32mINFO    [0m juju.model:model.py:2971 Waiting for model:
  postgresql/0 [executing] waiting: awaiting for cluster to start
  postgresql/1 [executing] waiting: awaiting for cluster to start
  postgresql/2 [executing] maintenance: reconfiguring cluster
[32mINFO    [0m juju.model:model.py:2971 Waiting for model:
  landscape-server/0 [executing] maintenance: Installing apt packages
  landscape-server/1 [executing] maintenance: Installing apt packages
[32mINFO    [0m juju.model:model.py:2971 Waiting for model:
  postgresql/0 [executing] waiting: awaiting for cluster to start
  postgresql/1 [executing] waiting: awaiting for cluster to start
  postgresql/2 [executing] maintenance: reconfiguring cluster
[32mINFO    [0m juju.model:model.py:2971 Waiting for model:
  landscape-server/0 [executing] waiting: Waiting on relations: db, amqp, haproxy
  landscape-server/1 [executing] maintenance: Installing apt packages
[32mINFO    [0m juju.model:model.py:2971 Waiting for model:
  postgresql/0 [executing] waiting: awaiting for member to start
  postgresql/1 [executing] waiting: awaiting for cluster to start
  postgresql/2 [executing] active: 
[32mINFO    [0m juju.model:model.py:2971 Waiting for model:
  landscape-server/0 [idle] waiting: Waiting on relations: db
  landscape-server/1 [idle] waiting: Waiting on relations: db
[32mINFO    [0m juju.model:model.py:2971 Waiting for model:
  postgresql/0 [executing] active: 
  postgresql/1 [executing] waiting: awaiting for cluster to start
  postgresql/2 [executing] active: Primary
[32mINFO    [0m juju.model:model.py:2971 Waiting for model:
  landscape-server/0 [idle] waiting: Waiting on relations: db
  landscape-server/1 [idle] waiting: Waiting on relations: db
[32mINFO    [0m juju.model:model.py:2971 Waiting for model:
  postgresql/1 [executing] waiting: awaiting for cluster to start
  postgresql/2 [executing] maintenance: reconfiguring cluster
[32mINFO    [0m juju.model:model.py:2971 Waiting for model:
  landscape-server/0 [idle] waiting: Waiting on relations: db
  landscape-server/1 [idle] waiting: Waiting on relations: db
[32mINFO    [0m juju.model:model.py:2971 Waiting for model:
  postgresql/0 [executing] active: 
  postgresql/1 [executing] waiting: awaiting for cluster to start
  postgresql/2 [executing] maintenance: reconfiguring cluster
[32mINFO    [0m juju.model:model.py:2971 Waiting for model:
  landscape-server/0 [executing] maintenance: Setting up databases
  landscape-server/1 [idle] waiting: Waiting on relations: db
[32mINFO    [0m juju.model:model.py:2971 Waiting for model:
  postgresql/0 [idle] active: 
  postgresql/1 [executing] waiting: awaiting for cluster to start
  postgresql/2 [executing] active: Primary
[32mINFO    [0m juju.model:model.py:2971 Waiting for model:
  landscape-server/0 [executing] maintenance: Setting up databases
  landscape-server/1 [executing] maintenance: Setting up databases
[32mINFO    [0m juju.model:model.py:2971 Waiting for model:
  postgresql/0 [idle] waiting: awaiting for member to start
  postgresql/1 [executing] waiting: awaiting for cluster to start
  postgresql/2 [executing] maintenance: reconfiguring cluster
[32mINFO    [0m juju.model:model.py:2971 Waiting for model:
  landscape-server/0 [executing] maintenance: Setting up databases
  landscape-server/1 [executing] maintenance: Setting up databases
[32mINFO    [0m juju.model:model.py:2971 Waiting for model:
  postgresql/0 [idle] active: 
  postgresql/1 [executing] waiting: awaiting for member to start
  postgresql/2 [idle] active: 
[32mINFO    [0m juju.model:model.py:2971 Waiting for model:
  landscape-server/0 [executing] maintenance: Setting up databases
  landscape-server/1 [executing] maintenance: Setting up databases
[32mINFO    [0m juju.model:model.py:2971 Waiting for model:
  postgresql/0 [idle] active: 
  postgresql/1 [idle] waiting: awaiting for member to start
  postgresql/2 [idle] active: 
[32mINFO    [0m juju.model:model.py:2971 Waiting for model:
  landscape-server/0 [executing] maintenance: Starting services
  landscape-server/1 [executing] maintenance: Starting services
[32mINFO    [0m juju.model:model.py:2971 Waiting for model:
  postgresql/1 [idle] waiting: awaiting for member to start
[32mINFO    [0m juju.model:model.py:2971 Waiting for model:
  landscape-server/0 [executing] maintenance: Starting services
  landscape-server/1 [executing] maintenance: Starting services
[32mINFO    [0m juju.model:model.py:2971 Waiting for model:
  landscape-server/0 [executing] maintenance: Starting services
  landscape-server/1 [idle] active: Unit is ready
[32mINFO    [0m juju.model:model.py:2971 Waiting for model:
  landscape-server/0 [idle] active: Unit is ready
  landscape-server/1 [idle] active: Unit is ready
[32mINFO    [0m juju.model:model.py:2971 Waiting for model:
  landscape-server/0 [idle] active: Unit is ready
  landscape-server/1 [idle] active: Unit is ready
  postgresql/0 [idle] active: 
  postgresql/1 [idle] active: 
  postgresql/2 [idle] active: Primary
[32mINFO    [0m juju.model:model.py:2971 Waiting for model:
  landscape-server/0 [executing] maintenance: Starting services
  landscape-server/1 [executing] maintenance: Starting services
[32mINFO    [0m juju.model:model.py:2971 Waiting for model:
  landscape-server/0 [idle] active: Unit is ready
  landscape-server/1 [idle] active: Unit is ready
[32mINFO    [0m integration.test_db_admin:test_db_admin.py:111 restarting primary
[32mINFO    [0m juju.model:model.py:2971 Waiting for model:
  postgresql/0 [idle] active: 
  postgresql/1 [idle] active: 
  postgresql/2 [idle] active: Primary
[32mINFO    [0m juju.model:model.py:2971 Waiting for model:
  postgresql/0 [executing] active: 
  postgresql/1 [executing] active: 
  postgresql/2 [idle] waiting: awaiting for member to start
[32mINFO    [0m juju.model:model.py:2971 Waiting for model:
  postgresql/2 [idle] waiting: awaiting for member to start
[32mINFO    [0m juju.model:model.py:2971 Waiting for model:
  postgresql/2 [idle] waiting: awaiting for member to start
[32mINFO    [0m juju.model:model.py:2971 Waiting for model:
  postgresql/2 [idle] waiting: awaiting for member to start
[32mINFO    [0m juju.model:model.py:2971 Waiting for model:
  postgresql/2 [idle] waiting: awaiting for member to start
[32mINFO    [0m juju.model:model.py:2971 Waiting for model:
  postgresql/2 [idle] waiting: awaiting for member to start
[32mINFO    [0m juju.model:model.py:2971 Waiting for model:
  postgresql/2 [idle] waiting: awaiting for member to start
[32mINFO    [0m juju.model:model.py:2971 Waiting for model:
  postgresql/2 [idle] waiting: awaiting for member to start
[32mINFO    [0m juju.model:model.py:2971 Waiting for model:
  postgresql/2 [idle] waiting: awaiting for member to start
[32mINFO    [0m juju.model:model.py:2971 Waiting for model:
  postgresql/2 [idle] waiting: awaiting for member to start
[32mINFO    [0m juju.model:model.py:2971 Waiting for model:
  postgresql/2 [idle] waiting: awaiting for member to start
[32mINFO    [0m juju.model:model.py:2971 Waiting for model:
  postgresql/2 [idle] active: 
[32mINFO    [0m juju.model:model.py:2971 Waiting for model:
  postgresql/0 [idle] active: Primary
  postgresql/1 [idle] active: 
[32mINFO    [0m integration.test_db_admin:test_db_admin.py:132 triggering a switchover
[32mINFO    [0m juju.model:model.py:2971 Waiting for model:
  landscape-server/0 [executing] active: Unit is ready
  landscape-server/1 [idle] active: Unit is ready
  postgresql/0 [idle] active: Primary
  postgresql/1 [idle] active: 
  postgresql/2 [idle] active: 
[32mINFO    [0m juju.model:model.py:2971 Waiting for model:
  landscape-server/0 [executing] maintenance: Starting services
  landscape-server/1 [executing] maintenance: Starting services
  postgresql/1 [idle] active: 
[32mINFO    [0m juju.model:model.py:2971 Waiting for model:
  landscape-server/0 [idle] active: Unit is ready
  landscape-server/1 [idle] active: Unit is ready
[32mINFO    [0m juju.model:model.py:2971 Waiting for model:
  postgresql/0 [idle] active: 
  postgresql/1 [idle] active: 
  postgresql/2 [idle] active: 
[32mINFO    [0m juju.model:model.py:2971 Waiting for model:
  postgresql/0 [idle] active: 
  postgresql/1 [idle] active: Primary
  postgresql/2 [idle] active:
[32mINFO    [0m pytest_operator.plugin:plugin.py:862 Model status:

Model  Controller           Cloud/Region         Version  SLA          Timestamp
test   localhost-localhost  localhost/localhost  3.4.4    unsupported  02:02:03Z

Machine  State    Address        Inst id        Base          AZ  Message
0        stopped  10.160.92.68   juju-18b38d-0  ubuntu@22.04      Running
1        stopped  10.160.92.166  juju-18b38d-1  ubuntu@22.04      Running
2        stopped  10.160.92.116  juju-18b38d-2  ubuntu@22.04      Running

[32mINFO    [0m pytest_operator.plugin:plugin.py:868 Juju error logs:

machine-2: 01:41:20 ERROR juju.worker.dependency "lxd-container-provisioner" manifold worker returned unexpected error: container types not yet available
unit-postgresql-2: 01:41:21 ERROR juju.worker.meterstatus error running "meter-status-changed": charm missing from disk
machine-1: 01:41:21 ERROR juju.worker.dependency "kvm-container-provisioner" manifold worker returned unexpected error: container types not yet available
machine-1: 01:41:21 ERROR juju.worker.dependency "lxd-container-provisioner" manifold worker returned unexpected error: container types not yet available
unit-postgresql-1: 01:41:23 ERROR juju.worker.meterstatus error running "meter-status-changed": charm missing from disk
machine-0: 01:41:25 ERROR juju.worker.dependency "lxd-container-provisioner" manifold worker returned unexpected error: container types not yet available
machine-0: 01:41:25 ERROR juju.worker.dependency "kvm-container-provisioner" manifold worker returned unexpected error: container types not yet available
unit-postgresql-0: 01:41:26 ERROR juju.worker.meterstatus error running "meter-status-changed": charm missing from disk
machine-6: 01:41:34 ERROR juju.worker.dependency "kvm-container-provisioner" manifold worker returned unexpected error: container types not yet available
machine-6: 01:41:34 ERROR juju.worker.dependency "lxd-container-provisioner" manifold worker returned unexpected error: container types not yet available
unit-rabbitmq-server-0: 01:41:34 ERROR juju.worker.meterstatus error running "meter-status-changed": charm missing from disk
machine-3: 01:41:36 ERROR juju.worker.dependency "lxd-container-provisioner" manifold worker returned unexpected error: container types not yet available
machine-3: 01:41:36 ERROR juju.worker.dependency "kvm-container-provisioner" manifold worker returned unexpected error: container types not yet available
unit-haproxy-0: 01:41:36 ERROR juju.worker.meterstatus error running "meter-status-changed": charm missing from disk
machine-4: 01:41:39 ERROR juju.worker.dependency "kvm-container-provisioner" manifold worker returned unexpected error: container types not yet available
machine-4: 01:41:39 ERROR juju.worker.dependency "lxd-container-provisioner" manifold worker returned unexpected error: container types not yet available
unit-landscape-server-0: 01:41:41 ERROR juju.worker.meterstatus error running "meter-status-changed": charm missing from disk
machine-5: 01:41:42 ERROR juju.worker.dependency "lxd-container-provisioner" manifold worker returned unexpected error: container types not yet available
machine-5: 01:41:42 ERROR juju.worker.dependency "kvm-container-provisioner" manifold worker returned unexpected error: container types not yet available
unit-landscape-server-1: 01:41:43 ERROR juju.worker.meterstatus error running "meter-status-changed": charm missing from disk
unit-postgresql-2: 01:58:29 ERROR unit.postgresql/2.juju-log failed to change plugins: 
Traceback (most recent call last):
  File "/var/lib/juju/agents/unit-postgresql-2/charm/lib/charms/postgresql_k8s/v0/postgresql.py", line 323, in enable_disable_extensions
    cursor.execute(
psycopg2.errors.DependentObjectsStillExist: cannot drop extension ltree because other objects depend on it
DETAIL:  column tree of table computer_relationship depends on type ltree
HINT:  Use DROP ... CASCADE to drop the dependent objects too.


During handling of the above exception, another exception occurred:

Traceback (most recent call last):
  File "/var/lib/juju/agents/unit-postgresql-2/charm/./src/charm.py", line 1015, in enable_disable_extensions
    self.postgresql.enable_disable_extensions(extensions, database)
  File "/var/lib/juju/agents/unit-postgresql-2/charm/lib/charms/tempo_k8s/v1/charm_tracing.py", line 647, in wrapped_function
    return callable(*args, **kwargs)  # type: ignore
  File "/var/lib/juju/agents/unit-postgresql-2/charm/lib/charms/postgresql_k8s/v0/postgresql.py", line 331, in enable_disable_extensions
    raise PostgreSQLEnableDisableExtensionError()
charms.postgresql_k8s.v0.postgresql.PostgreSQLEnableDisableExtensionError
unit-landscape-server-0: 02:00:45 ERROR juju.worker.dependency "uniter" manifold worker returned unexpected error: relation scope id "7d42ce9b-a395-418e-8171-3e714718b38d:r#8#postgresql": settings 7d42ce9b-a395-418e-8171-3e714718b38d:r#8#postgresql not found (not found)
machine-0: 02:01:59 ERROR juju.api.watcher error trying to stop watcher: websocket: close sent

[32mINFO    [0m pytest_operator.plugin:plugin.py:947 Forgetting model main...