[32mINFO    [0m juju.model:model.py:2971 Waiting for model:
  pg (waiting for exactly 3 units, current : 4)
[32mINFO    [0m juju.model:model.py:2971 Waiting for model:
  pg/1 [idle] active: 
  pg/2 [idle] active: 
  pg/3 [executing] active: 
[32mINFO    [0m juju.model:model.py:2971 Waiting for model:
  pg/1 [idle] active: 
  pg/2 [idle] active: 
  pg/3 [idle] active: 
[32mINFO    [0m juju.model:model.py:2971 Waiting for model:
  landscape-client/0 [idle] active: Client registered!
  landscape-client/1 [idle] active: Client registered!
  landscape-client/3 [idle] active: Client registered!
  ubuntu-advantage/0 [idle] active: Attached (esm-apps,esm-infra)
  ubuntu-advantage/1 [idle] active: Attached (esm-apps,esm-infra)
  ubuntu-advantage/3 [idle] active: Attached (esm-apps,esm-infra)
  pg/1 [idle] active: 
  pg/2 [idle] active: Primary
  pg/3 [idle] active: 
[32mINFO    [0m juju.model:model.py:2971 Waiting for model:
  pg/1 [idle] active: 
  pg/2 [idle] active:
[32mINFO    [0m pytest_operator.plugin:plugin.py:862 Model status:

Model  Controller           Cloud/Region         Version  SLA          Timestamp
test   localhost-localhost  localhost/localhost  3.4.4    unsupported  01:55:35Z

App               Version  Status  Scale  Charm             Channel      Rev  Exposed  Message
landscape-client           active      3  landscape-client  latest/edge   69  no       Client registered!
pg                14.12    active      3  postgresql                       0  no       
ubuntu-advantage           active      3  ubuntu-advantage  latest/edge   85  no       Attached (esm-apps,esm-infra)

Unit                   Workload  Agent  Machine  Public address  Ports     Message
pg/1                   active    idle   1        10.81.12.7      5432/tcp  
  landscape-client/1   active    idle            10.81.12.7                Client registered!
  ubuntu-advantage/1   active    idle            10.81.12.7                Attached (esm-apps,esm-infra)
pg/2                   active    idle   2        10.81.12.35     5432/tcp  
  landscape-client/0*  active    idle            10.81.12.35               Client registered!
  ubuntu-advantage/0*  active    idle            10.81.12.35               Attached (esm-apps,esm-infra)
pg/3*                  active    idle   3        10.81.12.134    5432/tcp  
  landscape-client/3   active    idle            10.81.12.134              Client registered!
  ubuntu-advantage/3   active    idle            10.81.12.134              Attached (esm-apps,esm-infra)

Machine  State    Address       Inst id        Base          AZ  Message
1        started  10.81.12.7    juju-f44978-1  ubuntu@22.04      Running
2        started  10.81.12.35   juju-f44978-2  ubuntu@22.04      Running
3        started  10.81.12.134  juju-f44978-3  ubuntu@22.04      Running

[32mINFO    [0m pytest_operator.plugin:plugin.py:868 Juju error logs:

machine-0: 01:39:59 ERROR juju.worker.dependency "lxd-container-provisioner" manifold worker returned unexpected error: container types not yet available
machine-0: 01:39:59 ERROR juju.worker.dependency "kvm-container-provisioner" manifold worker returned unexpected error: container types not yet available
unit-pg-0: 01:40:00 ERROR juju.worker.meterstatus error running "meter-status-changed": charm missing from disk
machine-1: 01:40:03 ERROR juju.worker.dependency "kvm-container-provisioner" manifold worker returned unexpected error: container types not yet available
machine-1: 01:40:03 ERROR juju.worker.dependency "lxd-container-provisioner" manifold worker returned unexpected error: container types not yet available
unit-pg-1: 01:40:04 ERROR juju.worker.meterstatus error running "meter-status-changed": charm missing from disk
machine-2: 01:40:05 ERROR juju.worker.dependency "kvm-container-provisioner" manifold worker returned unexpected error: container types not yet available
machine-2: 01:40:05 ERROR juju.worker.dependency "lxd-container-provisioner" manifold worker returned unexpected error: container types not yet available
unit-pg-2: 01:40:05 ERROR juju.worker.meterstatus error running "meter-status-changed": charm missing from disk
unit-landscape-client-0: 01:44:29 ERROR juju.worker.meterstatus error running "meter-status-changed": charm missing from disk
unit-landscape-client-1: 01:44:29 ERROR juju.worker.meterstatus error running "meter-status-changed": charm missing from disk
unit-landscape-client-2: 01:44:29 ERROR juju.worker.meterstatus error running "meter-status-changed": charm missing from disk
unit-ubuntu-advantage-0: 01:44:29 ERROR juju.worker.meterstatus error running "meter-status-changed": charm missing from disk
unit-ubuntu-advantage-1: 01:44:30 ERROR juju.worker.meterstatus error running "meter-status-changed": charm missing from disk
unit-ubuntu-advantage-2: 01:44:51 ERROR unit.unit-ubuntu-advantage-2.juju-log Uncaught exception while in charm code:
Traceback (most recent call last):
  File "/var/lib/juju/agents/unit-ubuntu-advantage-2/charm/venv/ops/model.py", line 2183, in _run
    result = run(args, **kwargs)
  File "/usr/lib/python3.10/subprocess.py", line 526, in run
    raise CalledProcessError(retcode, process.args,
subprocess.CalledProcessError: Command '('/var/lib/juju/tools/unit-ubuntu-advantage-2/config-get', '--format=json')' returned non-zero exit status 1.

During handling of the above exception, another exception occurred:

Traceback (most recent call last):
  File "/var/lib/juju/agents/unit-ubuntu-advantage-2/charm/./src/charm.py", line 229, in <module>
    main(UbuntuAdvantageCharm)
  File "/var/lib/juju/agents/unit-ubuntu-advantage-2/charm/venv/ops/main.py", line 426, in main
    charm = charm_class(framework)
  File "/var/lib/juju/agents/unit-ubuntu-advantage-2/charm/./src/charm.py", line 84, in __init__
    self._setup_proxy_env()
  File "/var/lib/juju/agents/unit-ubuntu-advantage-2/charm/./src/charm.py", line 94, in _setup_proxy_env
    self.env["http_proxy"] = self.config.get("override-http-proxy") or self.env.get(
  File "/usr/lib/python3.10/_collections_abc.py", line 824, in get
    return self[key]
  File "/var/lib/juju/agents/unit-ubuntu-advantage-2/charm/venv/ops/model.py", line 547, in __getitem__
    return self._data[key]
  File "/var/lib/juju/agents/unit-ubuntu-advantage-2/charm/venv/ops/model.py", line 531, in _data
    data = self._lazy_data = self._load()
  File "/var/lib/juju/agents/unit-ubuntu-advantage-2/charm/venv/ops/model.py", line 1092, in _load
    return self._backend.config_get()
  File "/var/lib/juju/agents/unit-ubuntu-advantage-2/charm/venv/ops/model.py", line 2299, in config_get
    out = self._run('config-get', return_output=True, use_json=True)
  File "/var/lib/juju/agents/unit-ubuntu-advantage-2/charm/venv/ops/model.py", line 2189, in _run
    raise ModelError(e.stderr)
ops.model.ModelError: b'ERROR not implemented for restricted context not implemented\n'
unit-ubuntu-advantage-2: 01:44:52 ERROR juju.worker.meterstatus error running "meter-status-changed": exit status 1
machine-3: 01:47:25 ERROR juju.worker.dependency "kvm-container-provisioner" manifold worker returned unexpected error: container types not yet available
machine-3: 01:47:25 ERROR juju.worker.dependency "lxd-container-provisioner" manifold worker returned unexpected error: container types not yet available
unit-pg-3: 01:47:25 ERROR juju.worker.meterstatus error running "meter-status-changed": charm missing from disk
unit-ubuntu-advantage-3: 01:48:27 ERROR juju.worker.meterstatus error running "meter-status-changed": charm missing from disk
unit-landscape-client-3: 01:48:31 ERROR juju.worker.meterstatus error running "meter-status-changed": exit status 127
unit-pg-3: 01:50:55 ERROR unit.pg/3.juju-log database-peers:2: Failed to start patroni snap service
Traceback (most recent call last):
  File "/var/lib/juju/agents/unit-pg-3/charm/lib/charms/operator_libs_linux/v2/snap.py", line 309, in _snap_daemons
    return subprocess.run(args, universal_newlines=True, check=True, capture_output=True)
  File "/usr/lib/python3.10/subprocess.py", line 526, in run
    raise CalledProcessError(retcode, process.args,
subprocess.CalledProcessError: Command '['snap', 'start', 'charmed-postgresql.patroni']' returned non-zero exit status 1.

During handling of the above exception, another exception occurred:

Traceback (most recent call last):
  File "/var/lib/juju/agents/unit-pg-3/charm/src/cluster.py", line 592, in start_patroni
    selected_snap.start(services=["patroni"])
  File "/var/lib/juju/agents/unit-pg-3/charm/lib/charms/operator_libs_linux/v2/snap.py", line 365, in start
    self._snap_daemons(args, services)
  File "/var/lib/juju/agents/unit-pg-3/charm/lib/charms/operator_libs_linux/v2/snap.py", line 311, in _snap_daemons
    raise SnapError("Could not {} for snap [{}]: {}".format(args, self._name, e.stderr))
charms.operator_libs_linux.v2.snap.SnapError: Could not ['snap', 'start', 'charmed-postgresql.patroni'] for snap [charmed-postgresql]: error: cannot perform the following tasks:
- Run service command "start" for services ["patroni"] of snap "charmed-postgresql" (systemctl command [start snap.charmed-postgresql.patroni.service] failed with exit status 1: stderr:
Job for snap.charmed-postgresql.patroni.service failed because the control process exited with error code.
See "systemctl status snap.charmed-postgresql.patroni.service" and "journalctl -xeu snap.charmed-postgresql.patroni.service" for details.)


[32mINFO    [0m pytest_operator.plugin:plugin.py:947 Forgetting model main...