[32mINFO    [0m juju.model:model.py:2971 Waiting for model:
  pg (waiting for exactly 3 units, current : 4)
[32mINFO    [0m juju.model:model.py:2971 Waiting for model:
  pg/1 [executing] active: 
  pg/2 [executing] maintenance: reconfiguring cluster
  pg/3 [executing] active: 
[32mINFO    [0m juju.model:model.py:2971 Waiting for model:
  pg/2 [idle] active: Primary
[32mINFO    [0m juju.model:model.py:2971 Waiting for model:
  landscape-client/1 [idle] active: Client registered!
  landscape-client/3 [idle] active: Client registered!
  landscape-client/4 [idle] active: Client registered!
  ubuntu-advantage/1 [idle] active: Attached (esm-apps,esm-infra)
  ubuntu-advantage/2 [idle] active: Attached (esm-apps,esm-infra)
  ubuntu-advantage/3 [idle] active: Attached (esm-apps,esm-infra)
  pg/1 [idle] active: 
  pg/2 [idle] active: Primary
  pg/3 [idle] active:
[32mINFO    [0m pytest_operator.plugin:plugin.py:862 Model status:

Model  Controller           Cloud/Region         Version  SLA          Timestamp
test   localhost-localhost  localhost/localhost  3.1.8    unsupported  01:49:39Z

App               Version  Status  Scale  Charm             Channel      Rev  Exposed  Message
landscape-client           active      3  landscape-client  latest/edge   69  no       Client registered!
pg                14.11    active      3  postgresql                       0  no       
ubuntu-advantage           active      3  ubuntu-advantage  latest/edge   85  no       Attached (esm-apps,esm-infra)

Unit                   Workload  Agent  Machine  Public address  Ports     Message
pg/1                   active    idle   1        10.113.176.155  5432/tcp  
  landscape-client/1   active    idle            10.113.176.155            Client registered!
  ubuntu-advantage/1*  active    idle            10.113.176.155            Attached (esm-apps,esm-infra)
pg/2*                  active    idle   2        10.113.176.58   5432/tcp  Primary
  landscape-client/3*  active    idle            10.113.176.58             Client registered!
  ubuntu-advantage/2   active    idle            10.113.176.58             Attached (esm-apps,esm-infra)
pg/3                   active    idle   3        10.113.176.15   5432/tcp  
  landscape-client/4   active    idle            10.113.176.15             Client registered!
  ubuntu-advantage/3   active    idle            10.113.176.15             Attached (esm-apps,esm-infra)

Machine  State    Address         Inst id        Base          AZ  Message
1        started  10.113.176.155  juju-a8b5fd-1  ubuntu@22.04      Running
2        started  10.113.176.58   juju-a8b5fd-2  ubuntu@22.04      Running
3        started  10.113.176.15   juju-a8b5fd-3  ubuntu@22.04      Running

[32mINFO    [0m pytest_operator.plugin:plugin.py:868 Juju error logs:

machine-2: 01:36:01 ERROR juju.worker.dependency "kvm-container-provisioner" manifold worker returned unexpected error: container types not yet available
machine-2: 01:36:01 ERROR juju.worker.dependency "broker-tracker" manifold worker returned unexpected error: no container types determined
machine-2: 01:36:01 ERROR juju.worker.dependency "lxd-container-provisioner" manifold worker returned unexpected error: container types not yet available
unit-pg-2: 01:36:01 ERROR juju.worker.meterstatus error running "meter-status-changed": charm missing from disk
machine-0: 01:36:02 ERROR juju.worker.dependency "lxd-container-provisioner" manifold worker returned unexpected error: container types not yet available
machine-0: 01:36:02 ERROR juju.worker.dependency "kvm-container-provisioner" manifold worker returned unexpected error: container types not yet available
machine-0: 01:36:02 ERROR juju.worker.dependency "broker-tracker" manifold worker returned unexpected error: no container types determined
machine-1: 01:36:02 ERROR juju.worker.dependency "lxd-container-provisioner" manifold worker returned unexpected error: container types not yet available
machine-1: 01:36:02 ERROR juju.worker.dependency "kvm-container-provisioner" manifold worker returned unexpected error: container types not yet available
machine-1: 01:36:02 ERROR juju.worker.dependency "broker-tracker" manifold worker returned unexpected error: no container types determined
unit-pg-0: 01:36:02 ERROR juju.worker.meterstatus error running "meter-status-changed": charm missing from disk
unit-pg-1: 01:36:02 ERROR juju.worker.meterstatus error running "meter-status-changed": charm missing from disk
unit-pg-2: 01:37:14 ERROR unit.pg/2.juju-log upgrade:2: Failed to list PostgreSQL database users: could not translate host name "None" to address: Temporary failure in name resolution

unit-landscape-client-0: 01:40:45 ERROR juju.worker.meterstatus error running "meter-status-changed": charm missing from disk
unit-landscape-client-1: 01:40:45 ERROR juju.worker.meterstatus error running "meter-status-changed": charm missing from disk
unit-landscape-client-3: 01:40:45 ERROR juju.worker.meterstatus error running "meter-status-changed": charm missing from disk
unit-ubuntu-advantage-0: 01:40:45 ERROR juju.worker.meterstatus error running "meter-status-changed": charm missing from disk
unit-ubuntu-advantage-1: 01:40:45 ERROR juju.worker.meterstatus error running "meter-status-changed": charm missing from disk
unit-ubuntu-advantage-2: 01:41:04 ERROR unit.unit-ubuntu-advantage-2.juju-log Uncaught exception while in charm code:
Traceback (most recent call last):
  File "/var/lib/juju/agents/unit-ubuntu-advantage-2/charm/venv/ops/model.py", line 2183, in _run
    result = run(args, **kwargs)
  File "/usr/lib/python3.10/subprocess.py", line 526, in run
    raise CalledProcessError(retcode, process.args,
subprocess.CalledProcessError: Command '('/var/lib/juju/tools/unit-ubuntu-advantage-2/config-get', '--format=json')' returned non-zero exit status 1.

During handling of the above exception, another exception occurred:

Traceback (most recent call last):
  File "/var/lib/juju/agents/unit-ubuntu-advantage-2/charm/./src/charm.py", line 229, in <module>
    main(UbuntuAdvantageCharm)
  File "/var/lib/juju/agents/unit-ubuntu-advantage-2/charm/venv/ops/main.py", line 426, in main
    charm = charm_class(framework)
  File "/var/lib/juju/agents/unit-ubuntu-advantage-2/charm/./src/charm.py", line 84, in __init__
    self._setup_proxy_env()
  File "/var/lib/juju/agents/unit-ubuntu-advantage-2/charm/./src/charm.py", line 94, in _setup_proxy_env
    self.env["http_proxy"] = self.config.get("override-http-proxy") or self.env.get(
  File "/usr/lib/python3.10/_collections_abc.py", line 824, in get
    return self[key]
  File "/var/lib/juju/agents/unit-ubuntu-advantage-2/charm/venv/ops/model.py", line 547, in __getitem__
    return self._data[key]
  File "/var/lib/juju/agents/unit-ubuntu-advantage-2/charm/venv/ops/model.py", line 531, in _data
    data = self._lazy_data = self._load()
  File "/var/lib/juju/agents/unit-ubuntu-advantage-2/charm/venv/ops/model.py", line 1092, in _load
    return self._backend.config_get()
  File "/var/lib/juju/agents/unit-ubuntu-advantage-2/charm/venv/ops/model.py", line 2299, in config_get
    out = self._run('config-get', return_output=True, use_json=True)
  File "/var/lib/juju/agents/unit-ubuntu-advantage-2/charm/venv/ops/model.py", line 2189, in _run
    raise ModelError(e.stderr)
ops.model.ModelError: b'ERROR not implemented for restricted context not implemented\n'
unit-ubuntu-advantage-2: 01:41:04 ERROR juju.worker.meterstatus error running "meter-status-changed": exit status 1
machine-3: 01:42:56 ERROR juju.worker.dependency "lxd-container-provisioner" manifold worker returned unexpected error: container types not yet available
machine-3: 01:42:56 ERROR juju.worker.dependency "kvm-container-provisioner" manifold worker returned unexpected error: container types not yet available
machine-3: 01:42:56 ERROR juju.worker.dependency "broker-tracker" manifold worker returned unexpected error: no container types determined
unit-pg-3: 01:42:56 ERROR juju.worker.meterstatus error running "meter-status-changed": charm missing from disk
unit-ubuntu-advantage-3: 01:43:30 ERROR juju.worker.meterstatus error running "meter-status-changed": charm missing from disk
unit-landscape-client-4: 01:43:35 ERROR unit.unit-landscape-client-4.juju-log Uncaught exception while in charm code:
Traceback (most recent call last):
  File "/var/lib/juju/agents/unit-landscape-client-4/charm/venv/ops/model.py", line 2955, in _run
    result = subprocess.run(args, **kwargs)  # type: ignore
  File "/usr/lib/python3.10/subprocess.py", line 526, in run
    raise CalledProcessError(retcode, process.args,
subprocess.CalledProcessError: Command '('/var/lib/juju/tools/unit-landscape-client-4/is-leader', '--format=json')' returned non-zero exit status 1.

The above exception was the direct cause of the following exception:

Traceback (most recent call last):
  File "/var/lib/juju/agents/unit-landscape-client-4/charm/./src/charm.py", line 261, in <module>
    main(LandscapeClientCharm)
  File "/var/lib/juju/agents/unit-landscape-client-4/charm/venv/ops/main.py", line 438, in main
    ops.charm._evaluate_status(charm)
  File "/var/lib/juju/agents/unit-landscape-client-4/charm/venv/ops/charm.py", line 1138, in _evaluate_status
    if charm.framework.model._backend.is_leader():
  File "/var/lib/juju/agents/unit-landscape-client-4/charm/venv/ops/model.py", line 3085, in is_leader
    is_leader = self._run('is-leader', return_output=True, use_json=True)
  File "/var/lib/juju/agents/unit-landscape-client-4/charm/venv/ops/model.py", line 2957, in _run
    raise ModelError(e.stderr) from e
ops.model.ModelError: ERROR leadership status unknown: not implemented for restricted context not implemented

unit-landscape-client-4: 01:43:36 ERROR juju.worker.meterstatus error running "meter-status-changed": exit status 1
machine-0: 01:48:25 ERROR juju.api.watcher error trying to stop watcher: websocket: close sent

[32mINFO    [0m pytest_operator.plugin:plugin.py:947 Forgetting model main...