{"uid":"53f545e1cf0361c9","name":"test_deploy_charms","fullName":"tests.integration.new_relations.test_new_relations#test_deploy_charms","historyId":"84fc144200e29f206dce059410c299a5","time":{"start":1730943049779,"stop":1730943348446,"duration":298667},"description":"Deploy both charms (application and database) to use in the tests.","descriptionHtml":"<p>Deploy both charms (application and database) to use in the tests.</p>\n","status":"broken","statusMessage":"juju.errors.JujuUnitError: Unit in error: another-database/1","statusTrace":"Traceback (most recent call last):\n  File \"/home/runner/work/test-runners-2-github-x64-postgresql-operator/test-runners-2-github-x64-postgresql-operator/.tox/integration/lib/python3.10/site-packages/_pytest/runner.py\", line 341, in from_call\n    result: TResult | None = func()\n  File \"/home/runner/work/test-runners-2-github-x64-postgresql-operator/test-runners-2-github-x64-postgresql-operator/.tox/integration/lib/python3.10/site-packages/_pytest/runner.py\", line 242, in <lambda>\n    lambda: runtest_hook(item=item, **kwds), when=when, reraise=reraise\n  File \"/home/runner/work/test-runners-2-github-x64-postgresql-operator/test-runners-2-github-x64-postgresql-operator/.tox/integration/lib/python3.10/site-packages/pluggy/_hooks.py\", line 513, in __call__\n    return self._hookexec(self.name, self._hookimpls.copy(), kwargs, firstresult)\n  File \"/home/runner/work/test-runners-2-github-x64-postgresql-operator/test-runners-2-github-x64-postgresql-operator/.tox/integration/lib/python3.10/site-packages/pluggy/_manager.py\", line 120, in _hookexec\n    return self._inner_hookexec(hook_name, methods, kwargs, firstresult)\n  File \"/home/runner/work/test-runners-2-github-x64-postgresql-operator/test-runners-2-github-x64-postgresql-operator/.tox/integration/lib/python3.10/site-packages/pluggy/_callers.py\", line 182, in _multicall\n    return outcome.get_result()\n  File \"/home/runner/work/test-runners-2-github-x64-postgresql-operator/test-runners-2-github-x64-postgresql-operator/.tox/integration/lib/python3.10/site-packages/pluggy/_result.py\", line 100, in get_result\n    raise exc.with_traceback(exc.__traceback__)\n  File \"/home/runner/work/test-runners-2-github-x64-postgresql-operator/test-runners-2-github-x64-postgresql-operator/.tox/integration/lib/python3.10/site-packages/pluggy/_callers.py\", line 167, in _multicall\n    teardown.throw(outcome._exception)\n  File \"/home/runner/work/test-runners-2-github-x64-postgresql-operator/test-runners-2-github-x64-postgresql-operator/.tox/integration/lib/python3.10/site-packages/_pytest/threadexception.py\", line 92, in pytest_runtest_call\n    yield from thread_exception_runtest_hook()\n  File \"/home/runner/work/test-runners-2-github-x64-postgresql-operator/test-runners-2-github-x64-postgresql-operator/.tox/integration/lib/python3.10/site-packages/_pytest/threadexception.py\", line 68, in thread_exception_runtest_hook\n    yield\n  File \"/home/runner/work/test-runners-2-github-x64-postgresql-operator/test-runners-2-github-x64-postgresql-operator/.tox/integration/lib/python3.10/site-packages/pluggy/_callers.py\", line 167, in _multicall\n    teardown.throw(outcome._exception)\n  File \"/home/runner/work/test-runners-2-github-x64-postgresql-operator/test-runners-2-github-x64-postgresql-operator/.tox/integration/lib/python3.10/site-packages/_pytest/unraisableexception.py\", line 95, in pytest_runtest_call\n    yield from unraisable_exception_runtest_hook()\n  File \"/home/runner/work/test-runners-2-github-x64-postgresql-operator/test-runners-2-github-x64-postgresql-operator/.tox/integration/lib/python3.10/site-packages/_pytest/unraisableexception.py\", line 70, in unraisable_exception_runtest_hook\n    yield\n  File \"/home/runner/work/test-runners-2-github-x64-postgresql-operator/test-runners-2-github-x64-postgresql-operator/.tox/integration/lib/python3.10/site-packages/pluggy/_callers.py\", line 167, in _multicall\n    teardown.throw(outcome._exception)\n  File \"/home/runner/work/test-runners-2-github-x64-postgresql-operator/test-runners-2-github-x64-postgresql-operator/.tox/integration/lib/python3.10/site-packages/_pytest/logging.py\", line 846, in pytest_runtest_call\n    yield from self._runtest_for(item, \"call\")\n  File \"/home/runner/work/test-runners-2-github-x64-postgresql-operator/test-runners-2-github-x64-postgresql-operator/.tox/integration/lib/python3.10/site-packages/_pytest/logging.py\", line 829, in _runtest_for\n    yield\n  File \"/home/runner/work/test-runners-2-github-x64-postgresql-operator/test-runners-2-github-x64-postgresql-operator/.tox/integration/lib/python3.10/site-packages/pluggy/_callers.py\", line 167, in _multicall\n    teardown.throw(outcome._exception)\n  File \"/home/runner/work/test-runners-2-github-x64-postgresql-operator/test-runners-2-github-x64-postgresql-operator/.tox/integration/lib/python3.10/site-packages/_pytest/capture.py\", line 880, in pytest_runtest_call\n    return (yield)\n  File \"/home/runner/work/test-runners-2-github-x64-postgresql-operator/test-runners-2-github-x64-postgresql-operator/.tox/integration/lib/python3.10/site-packages/pluggy/_callers.py\", line 167, in _multicall\n    teardown.throw(outcome._exception)\n  File \"/home/runner/work/test-runners-2-github-x64-postgresql-operator/test-runners-2-github-x64-postgresql-operator/.tox/integration/lib/python3.10/site-packages/_pytest/skipping.py\", line 257, in pytest_runtest_call\n    return (yield)\n  File \"/home/runner/work/test-runners-2-github-x64-postgresql-operator/test-runners-2-github-x64-postgresql-operator/.tox/integration/lib/python3.10/site-packages/pluggy/_callers.py\", line 103, in _multicall\n    res = hook_impl.function(*args)\n  File \"/home/runner/work/test-runners-2-github-x64-postgresql-operator/test-runners-2-github-x64-postgresql-operator/.tox/integration/lib/python3.10/site-packages/_pytest/runner.py\", line 174, in pytest_runtest_call\n    item.runtest()\n  File \"/home/runner/work/test-runners-2-github-x64-postgresql-operator/test-runners-2-github-x64-postgresql-operator/.tox/integration/lib/python3.10/site-packages/_pytest/python.py\", line 1627, in runtest\n    self.ihook.pytest_pyfunc_call(pyfuncitem=self)\n  File \"/home/runner/work/test-runners-2-github-x64-postgresql-operator/test-runners-2-github-x64-postgresql-operator/.tox/integration/lib/python3.10/site-packages/pluggy/_hooks.py\", line 513, in __call__\n    return self._hookexec(self.name, self._hookimpls.copy(), kwargs, firstresult)\n  File \"/home/runner/work/test-runners-2-github-x64-postgresql-operator/test-runners-2-github-x64-postgresql-operator/.tox/integration/lib/python3.10/site-packages/pluggy/_manager.py\", line 120, in _hookexec\n    return self._inner_hookexec(hook_name, methods, kwargs, firstresult)\n  File \"/home/runner/work/test-runners-2-github-x64-postgresql-operator/test-runners-2-github-x64-postgresql-operator/.tox/integration/lib/python3.10/site-packages/pluggy/_callers.py\", line 182, in _multicall\n    return outcome.get_result()\n  File \"/home/runner/work/test-runners-2-github-x64-postgresql-operator/test-runners-2-github-x64-postgresql-operator/.tox/integration/lib/python3.10/site-packages/pluggy/_result.py\", line 100, in get_result\n    raise exc.with_traceback(exc.__traceback__)\n  File \"/home/runner/work/test-runners-2-github-x64-postgresql-operator/test-runners-2-github-x64-postgresql-operator/.tox/integration/lib/python3.10/site-packages/pluggy/_callers.py\", line 103, in _multicall\n    res = hook_impl.function(*args)\n  File \"/home/runner/work/test-runners-2-github-x64-postgresql-operator/test-runners-2-github-x64-postgresql-operator/.tox/integration/lib/python3.10/site-packages/_pytest/python.py\", line 159, in pytest_pyfunc_call\n    result = testfunction(**testargs)\n  File \"/home/runner/work/test-runners-2-github-x64-postgresql-operator/test-runners-2-github-x64-postgresql-operator/.tox/integration/lib/python3.10/site-packages/pytest_asyncio/plugin.py\", line 529, in inner\n    _loop.run_until_complete(task)\n  File \"/usr/lib/python3.10/asyncio/base_events.py\", line 649, in run_until_complete\n    return future.result()\n  File \"/home/runner/work/test-runners-2-github-x64-postgresql-operator/test-runners-2-github-x64-postgresql-operator/tests/integration/new_relations/test_new_relations.py\", line 71, in test_deploy_charms\n    await ops_test.model.wait_for_idle(apps=APP_NAMES, status=\"active\", timeout=3000)\n  File \"/home/runner/work/test-runners-2-github-x64-postgresql-operator/test-runners-2-github-x64-postgresql-operator/.tox/integration/lib/python3.10/site-packages/juju/model.py\", line 2963, in wait_for_idle\n    _raise_for_status(errors, \"error\")\n  File \"/home/runner/work/test-runners-2-github-x64-postgresql-operator/test-runners-2-github-x64-postgresql-operator/.tox/integration/lib/python3.10/site-packages/juju/model.py\", line 2869, in _raise_for_status\n    raise error_type(\"{}{} in {}: {}\".format(\njuju.errors.JujuUnitError: Unit in error: another-database/1","flaky":false,"newFailed":false,"newBroken":false,"newPassed":false,"retriesCount":1,"retriesStatusChange":true,"beforeStages":[{"name":"event_loop","time":{"start":1730943049627,"stop":1730943049627,"duration":0},"status":"passed","steps":[],"attachments":[],"parameters":[],"stepsCount":0,"shouldDisplayMessage":false,"attachmentsCount":0,"hasContent":false,"attachmentStep":false},{"name":"tmp_path_factory","time":{"start":1730943049628,"stop":1730943049628,"duration":0},"status":"passed","steps":[],"attachments":[],"parameters":[],"stepsCount":0,"shouldDisplayMessage":false,"attachmentsCount":0,"hasContent":false,"attachmentStep":false},{"name":"ops_test","time":{"start":1730943049628,"stop":1730943049776,"duration":148},"status":"passed","steps":[],"attachments":[],"parameters":[],"stepsCount":0,"shouldDisplayMessage":false,"attachmentsCount":0,"hasContent":false,"attachmentStep":false},{"name":"charm","time":{"start":1730943049776,"stop":1730943049778,"duration":2},"status":"passed","steps":[],"attachments":[],"parameters":[],"stepsCount":0,"shouldDisplayMessage":false,"attachmentsCount":0,"hasContent":false,"attachmentStep":false},{"name":"abort_on_fail","time":{"start":1730943049778,"stop":1730943049778,"duration":0},"status":"passed","steps":[],"attachments":[],"parameters":[],"stepsCount":0,"shouldDisplayMessage":false,"attachmentsCount":0,"hasContent":false,"attachmentStep":false}],"testStage":{"description":"Deploy both charms (application and database) to use in the tests.","status":"broken","statusMessage":"juju.errors.JujuUnitError: Unit in error: another-database/1","statusTrace":"Traceback (most recent call last):\n  File \"/home/runner/work/test-runners-2-github-x64-postgresql-operator/test-runners-2-github-x64-postgresql-operator/.tox/integration/lib/python3.10/site-packages/_pytest/runner.py\", line 341, in from_call\n    result: TResult | None = func()\n  File \"/home/runner/work/test-runners-2-github-x64-postgresql-operator/test-runners-2-github-x64-postgresql-operator/.tox/integration/lib/python3.10/site-packages/_pytest/runner.py\", line 242, in <lambda>\n    lambda: runtest_hook(item=item, **kwds), when=when, reraise=reraise\n  File \"/home/runner/work/test-runners-2-github-x64-postgresql-operator/test-runners-2-github-x64-postgresql-operator/.tox/integration/lib/python3.10/site-packages/pluggy/_hooks.py\", line 513, in __call__\n    return self._hookexec(self.name, self._hookimpls.copy(), kwargs, firstresult)\n  File \"/home/runner/work/test-runners-2-github-x64-postgresql-operator/test-runners-2-github-x64-postgresql-operator/.tox/integration/lib/python3.10/site-packages/pluggy/_manager.py\", line 120, in _hookexec\n    return self._inner_hookexec(hook_name, methods, kwargs, firstresult)\n  File \"/home/runner/work/test-runners-2-github-x64-postgresql-operator/test-runners-2-github-x64-postgresql-operator/.tox/integration/lib/python3.10/site-packages/pluggy/_callers.py\", line 182, in _multicall\n    return outcome.get_result()\n  File \"/home/runner/work/test-runners-2-github-x64-postgresql-operator/test-runners-2-github-x64-postgresql-operator/.tox/integration/lib/python3.10/site-packages/pluggy/_result.py\", line 100, in get_result\n    raise exc.with_traceback(exc.__traceback__)\n  File \"/home/runner/work/test-runners-2-github-x64-postgresql-operator/test-runners-2-github-x64-postgresql-operator/.tox/integration/lib/python3.10/site-packages/pluggy/_callers.py\", line 167, in _multicall\n    teardown.throw(outcome._exception)\n  File \"/home/runner/work/test-runners-2-github-x64-postgresql-operator/test-runners-2-github-x64-postgresql-operator/.tox/integration/lib/python3.10/site-packages/_pytest/threadexception.py\", line 92, in pytest_runtest_call\n    yield from thread_exception_runtest_hook()\n  File \"/home/runner/work/test-runners-2-github-x64-postgresql-operator/test-runners-2-github-x64-postgresql-operator/.tox/integration/lib/python3.10/site-packages/_pytest/threadexception.py\", line 68, in thread_exception_runtest_hook\n    yield\n  File \"/home/runner/work/test-runners-2-github-x64-postgresql-operator/test-runners-2-github-x64-postgresql-operator/.tox/integration/lib/python3.10/site-packages/pluggy/_callers.py\", line 167, in _multicall\n    teardown.throw(outcome._exception)\n  File \"/home/runner/work/test-runners-2-github-x64-postgresql-operator/test-runners-2-github-x64-postgresql-operator/.tox/integration/lib/python3.10/site-packages/_pytest/unraisableexception.py\", line 95, in pytest_runtest_call\n    yield from unraisable_exception_runtest_hook()\n  File \"/home/runner/work/test-runners-2-github-x64-postgresql-operator/test-runners-2-github-x64-postgresql-operator/.tox/integration/lib/python3.10/site-packages/_pytest/unraisableexception.py\", line 70, in unraisable_exception_runtest_hook\n    yield\n  File \"/home/runner/work/test-runners-2-github-x64-postgresql-operator/test-runners-2-github-x64-postgresql-operator/.tox/integration/lib/python3.10/site-packages/pluggy/_callers.py\", line 167, in _multicall\n    teardown.throw(outcome._exception)\n  File \"/home/runner/work/test-runners-2-github-x64-postgresql-operator/test-runners-2-github-x64-postgresql-operator/.tox/integration/lib/python3.10/site-packages/_pytest/logging.py\", line 846, in pytest_runtest_call\n    yield from self._runtest_for(item, \"call\")\n  File \"/home/runner/work/test-runners-2-github-x64-postgresql-operator/test-runners-2-github-x64-postgresql-operator/.tox/integration/lib/python3.10/site-packages/_pytest/logging.py\", line 829, in _runtest_for\n    yield\n  File \"/home/runner/work/test-runners-2-github-x64-postgresql-operator/test-runners-2-github-x64-postgresql-operator/.tox/integration/lib/python3.10/site-packages/pluggy/_callers.py\", line 167, in _multicall\n    teardown.throw(outcome._exception)\n  File \"/home/runner/work/test-runners-2-github-x64-postgresql-operator/test-runners-2-github-x64-postgresql-operator/.tox/integration/lib/python3.10/site-packages/_pytest/capture.py\", line 880, in pytest_runtest_call\n    return (yield)\n  File \"/home/runner/work/test-runners-2-github-x64-postgresql-operator/test-runners-2-github-x64-postgresql-operator/.tox/integration/lib/python3.10/site-packages/pluggy/_callers.py\", line 167, in _multicall\n    teardown.throw(outcome._exception)\n  File \"/home/runner/work/test-runners-2-github-x64-postgresql-operator/test-runners-2-github-x64-postgresql-operator/.tox/integration/lib/python3.10/site-packages/_pytest/skipping.py\", line 257, in pytest_runtest_call\n    return (yield)\n  File \"/home/runner/work/test-runners-2-github-x64-postgresql-operator/test-runners-2-github-x64-postgresql-operator/.tox/integration/lib/python3.10/site-packages/pluggy/_callers.py\", line 103, in _multicall\n    res = hook_impl.function(*args)\n  File \"/home/runner/work/test-runners-2-github-x64-postgresql-operator/test-runners-2-github-x64-postgresql-operator/.tox/integration/lib/python3.10/site-packages/_pytest/runner.py\", line 174, in pytest_runtest_call\n    item.runtest()\n  File \"/home/runner/work/test-runners-2-github-x64-postgresql-operator/test-runners-2-github-x64-postgresql-operator/.tox/integration/lib/python3.10/site-packages/_pytest/python.py\", line 1627, in runtest\n    self.ihook.pytest_pyfunc_call(pyfuncitem=self)\n  File \"/home/runner/work/test-runners-2-github-x64-postgresql-operator/test-runners-2-github-x64-postgresql-operator/.tox/integration/lib/python3.10/site-packages/pluggy/_hooks.py\", line 513, in __call__\n    return self._hookexec(self.name, self._hookimpls.copy(), kwargs, firstresult)\n  File \"/home/runner/work/test-runners-2-github-x64-postgresql-operator/test-runners-2-github-x64-postgresql-operator/.tox/integration/lib/python3.10/site-packages/pluggy/_manager.py\", line 120, in _hookexec\n    return self._inner_hookexec(hook_name, methods, kwargs, firstresult)\n  File \"/home/runner/work/test-runners-2-github-x64-postgresql-operator/test-runners-2-github-x64-postgresql-operator/.tox/integration/lib/python3.10/site-packages/pluggy/_callers.py\", line 182, in _multicall\n    return outcome.get_result()\n  File \"/home/runner/work/test-runners-2-github-x64-postgresql-operator/test-runners-2-github-x64-postgresql-operator/.tox/integration/lib/python3.10/site-packages/pluggy/_result.py\", line 100, in get_result\n    raise exc.with_traceback(exc.__traceback__)\n  File \"/home/runner/work/test-runners-2-github-x64-postgresql-operator/test-runners-2-github-x64-postgresql-operator/.tox/integration/lib/python3.10/site-packages/pluggy/_callers.py\", line 103, in _multicall\n    res = hook_impl.function(*args)\n  File \"/home/runner/work/test-runners-2-github-x64-postgresql-operator/test-runners-2-github-x64-postgresql-operator/.tox/integration/lib/python3.10/site-packages/_pytest/python.py\", line 159, in pytest_pyfunc_call\n    result = testfunction(**testargs)\n  File \"/home/runner/work/test-runners-2-github-x64-postgresql-operator/test-runners-2-github-x64-postgresql-operator/.tox/integration/lib/python3.10/site-packages/pytest_asyncio/plugin.py\", line 529, in inner\n    _loop.run_until_complete(task)\n  File \"/usr/lib/python3.10/asyncio/base_events.py\", line 649, in run_until_complete\n    return future.result()\n  File \"/home/runner/work/test-runners-2-github-x64-postgresql-operator/test-runners-2-github-x64-postgresql-operator/tests/integration/new_relations/test_new_relations.py\", line 71, in test_deploy_charms\n    await ops_test.model.wait_for_idle(apps=APP_NAMES, status=\"active\", timeout=3000)\n  File \"/home/runner/work/test-runners-2-github-x64-postgresql-operator/test-runners-2-github-x64-postgresql-operator/.tox/integration/lib/python3.10/site-packages/juju/model.py\", line 2963, in wait_for_idle\n    _raise_for_status(errors, \"error\")\n  File \"/home/runner/work/test-runners-2-github-x64-postgresql-operator/test-runners-2-github-x64-postgresql-operator/.tox/integration/lib/python3.10/site-packages/juju/model.py\", line 2869, in _raise_for_status\n    raise error_type(\"{}{} in {}: {}\".format(\njuju.errors.JujuUnitError: Unit in error: another-database/1","steps":[],"attachments":[{"uid":"5d9c0c89a741794b","name":"log","source":"5d9c0c89a741794b.txt","type":"text/plain","size":3693}],"parameters":[],"stepsCount":0,"shouldDisplayMessage":true,"attachmentsCount":1,"hasContent":true,"attachmentStep":false},"afterStages":[{"name":"abort_on_fail::0","time":{"start":1730943348462,"stop":1730943348462,"duration":0},"status":"passed","steps":[],"attachments":[],"parameters":[],"stepsCount":0,"shouldDisplayMessage":false,"attachmentsCount":0,"hasContent":false,"attachmentStep":false},{"name":"charm::finalizer","time":{"start":1730943348799,"stop":1730943348799,"duration":0},"status":"passed","steps":[],"attachments":[],"parameters":[],"stepsCount":0,"shouldDisplayMessage":false,"attachmentsCount":0,"hasContent":false,"attachmentStep":false},{"name":"ops_test::finalizer","time":{"start":1730943348800,"stop":1730943349318,"duration":518},"status":"passed","steps":[],"attachments":[],"parameters":[],"stepsCount":0,"shouldDisplayMessage":false,"attachmentsCount":0,"hasContent":false,"attachmentStep":false},{"name":"event_loop::2","time":{"start":1730943349319,"stop":1730943349319,"duration":0},"status":"passed","steps":[],"attachments":[],"parameters":[],"stepsCount":0,"shouldDisplayMessage":false,"attachmentsCount":0,"hasContent":false,"attachmentStep":false},{"name":"event_loop::_close_event_loop","time":{"start":1730943349319,"stop":1730943349319,"duration":0},"status":"passed","steps":[],"attachments":[],"parameters":[],"stepsCount":0,"shouldDisplayMessage":false,"attachmentsCount":0,"hasContent":false,"attachmentStep":false},{"name":"event_loop::_provide_clean_event_loop","time":{"start":1730943349319,"stop":1730943349319,"duration":0},"status":"passed","steps":[],"attachments":[],"parameters":[],"stepsCount":0,"shouldDisplayMessage":false,"attachmentsCount":0,"hasContent":false,"attachmentStep":false}],"labels":[{"name":"tag","value":"abort_on_fail"},{"name":"tag","value":"group(1)"},{"name":"tag","value":"asyncio"},{"name":"parentSuite","value":"tests.integration.new_relations"},{"name":"suite","value":"test_new_relations"},{"name":"host","value":"fv-az773-327"},{"name":"thread","value":"15899-MainThread"},{"name":"framework","value":"pytest"},{"name":"language","value":"cpython3"},{"name":"package","value":"tests.integration.new_relations.test_new_relations"},{"name":"resultFormat","value":"allure2"}],"parameters":[],"links":[],"hidden":false,"retry":false,"extra":{"severity":"normal","retries":[{"uid":"712fa719cfd659b2","status":"unknown","time":{}}],"categories":[{"name":"Test defects","matchedStatuses":[],"flaky":false}],"history":{"statistic":{"failed":0,"broken":23,"skipped":0,"passed":124,"unknown":5,"total":152},"items":[{"uid":"c2dfb95514ce447b","reportUrl":"../227//#testresult/c2dfb95514ce447b","status":"broken","statusDetails":"juju.errors.JujuUnitError: Unit in error: another-database/0","time":{"start":1730856601452,"stop":1730856907206,"duration":305754}},{"uid":"6e4a1ba2ea62272d","reportUrl":"../226//#testresult/6e4a1ba2ea62272d","status":"unknown","time":{}},{"uid":"99b55a6ba9426b6e","reportUrl":"../225//#testresult/99b55a6ba9426b6e","status":"broken","statusDetails":"juju.errors.JujuUnitError: Unit in error: another-database/0","time":{"start":1730683819037,"stop":1730684121065,"duration":302028}},{"uid":"97708ae1a4b34b43","reportUrl":"../224//#testresult/97708ae1a4b34b43","status":"broken","statusDetails":"juju.errors.JujuUnitError: Unit in error: another-database/1","time":{"start":1730597415557,"stop":1730597722783,"duration":307226}},{"uid":"a9a4a5718d249bd4","reportUrl":"../223//#testresult/a9a4a5718d249bd4","status":"broken","statusDetails":"juju.errors.JujuUnitError: Unit in error: database/0","time":{"start":1730511010883,"stop":1730511333264,"duration":322381}},{"uid":"59870f92efe7bbda","reportUrl":"../222//#testresult/59870f92efe7bbda","status":"broken","statusDetails":"juju.errors.JujuUnitError: Unit in error: another-database/0","time":{"start":1730424653131,"stop":1730424952654,"duration":299523}},{"uid":"d4c94f10b2c5246a","reportUrl":"../221//#testresult/d4c94f10b2c5246a","status":"broken","statusDetails":"juju.errors.JujuUnitError: Unit in error: database/0","time":{"start":1730338469303,"stop":1730338767768,"duration":298465}},{"uid":"a2fb4bc430ec19f","reportUrl":"../220//#testresult/a2fb4bc430ec19f","status":"broken","statusDetails":"juju.errors.JujuUnitError: Unit in error: another-database/1","time":{"start":1730252019561,"stop":1730252316456,"duration":296895}},{"uid":"4004e31f973cb8d8","reportUrl":"../219//#testresult/4004e31f973cb8d8","status":"broken","statusDetails":"juju.errors.JujuUnitError: Unit in error: another-database/1","time":{"start":1730165408396,"stop":1730165715141,"duration":306745}},{"uid":"4939e8edaa3842a0","reportUrl":"../218//#testresult/4939e8edaa3842a0","status":"broken","statusDetails":"juju.errors.JujuUnitError: Unit in error: database/0","time":{"start":1730079054996,"stop":1730079359871,"duration":304875}},{"uid":"f08b9c78907db939","reportUrl":"../217//#testresult/f08b9c78907db939","status":"broken","statusDetails":"juju.errors.JujuUnitError: Unit in error: database/0","time":{"start":1729992666086,"stop":1729992961948,"duration":295862}},{"uid":"ee45def13d74a22b","reportUrl":"../216//#testresult/ee45def13d74a22b","status":"broken","statusDetails":"juju.errors.JujuUnitError: Unit in error: database/0","time":{"start":1729906228626,"stop":1729906523001,"duration":294375}},{"uid":"68b1606058f9649b","reportUrl":"../215//#testresult/68b1606058f9649b","status":"broken","statusDetails":"juju.errors.JujuUnitError: Unit in error: another-database/1","time":{"start":1729819795503,"stop":1729820091647,"duration":296144}},{"uid":"26304372e7a84d93","reportUrl":"../214//#testresult/26304372e7a84d93","status":"broken","statusDetails":"juju.errors.JujuUnitError: Unit in error: another-database/1","time":{"start":1729733735984,"stop":1729734034663,"duration":298679}},{"uid":"8e8c7756b2196e73","reportUrl":"../213//#testresult/8e8c7756b2196e73","status":"broken","statusDetails":"juju.errors.JujuUnitError: Unit in error: database/0","time":{"start":1729647041990,"stop":1729647344869,"duration":302879}},{"uid":"aef286bc2ed2c7e8","reportUrl":"../212//#testresult/aef286bc2ed2c7e8","status":"unknown","time":{}},{"uid":"fa6767dd579c823b","reportUrl":"../211//#testresult/fa6767dd579c823b","status":"broken","statusDetails":"juju.errors.JujuUnitError: Unit in error: database/0","time":{"start":1729474226523,"stop":1729474516721,"duration":290198}},{"uid":"386e66182f1399a0","reportUrl":"../210//#testresult/386e66182f1399a0","status":"broken","statusDetails":"juju.errors.JujuUnitError: Unit in error: another-database/0","time":{"start":1729387813993,"stop":1729388115353,"duration":301360}},{"uid":"74c32deafa9a1cd5","reportUrl":"../209//#testresult/74c32deafa9a1cd5","status":"broken","statusDetails":"juju.errors.JujuUnitError: Units in error: database/0, another-database/1","time":{"start":1729301426649,"stop":1729301767152,"duration":340503}},{"uid":"31627e92edddaf79","reportUrl":"../208//#testresult/31627e92edddaf79","status":"unknown","time":{}}]},"tags":["asyncio","abort_on_fail","group(1)"]},"source":"53f545e1cf0361c9.json","parameterValues":[]}